TN:
SF:components/AddToCart.js
FN:4,AddToCart
FN:11,(anonymous_1)
FN:18,(anonymous_2)
FN:19,(anonymous_3)
FN:22,(anonymous_4)
FN:23,(anonymous_5)
FN:26,(anonymous_6)
FN:51,(anonymous_7)
FN:63,(anonymous_8)
FNF:9
FNH:0
FNDA:0,AddToCart
FNDA:0,(anonymous_1)
FNDA:0,(anonymous_2)
FNDA:0,(anonymous_3)
FNDA:0,(anonymous_4)
FNDA:0,(anonymous_5)
FNDA:0,(anonymous_6)
FNDA:0,(anonymous_7)
FNDA:0,(anonymous_8)
DA:5,0
DA:6,0
DA:7,0
DA:8,0
DA:9,0
DA:11,0
DA:12,0
DA:13,0
DA:14,0
DA:18,0
DA:19,0
DA:22,0
DA:23,0
DA:26,0
DA:27,0
DA:28,0
DA:29,0
DA:30,0
DA:32,0
DA:43,0
DA:44,0
DA:47,0
DA:49,0
DA:50,0
DA:51,0
DA:53,0
DA:56,0
DA:57,0
DA:59,0
DA:63,0
DA:64,0
DA:67,0
LF:32
LH:0
BRDA:4,0,0,0
BRDA:13,1,0,0
BRDA:13,1,1,0
BRDA:43,2,0,0
BRDA:43,2,1,0
BRDA:49,3,0,0
BRDA:49,3,1,0
BRDA:53,4,0,0
BRDA:53,4,1,0
BRDA:98,5,0,0
BRDA:98,5,1,0
BRDA:109,6,0,0
BRDA:109,6,1,0
BRDA:115,7,0,0
BRDA:115,7,1,0
BRF:15
BRH:0
end_of_record
TN:
SF:components/AddToCartButton.js
FN:6,AddToCartButton
FN:26,(anonymous_1)
FN:36,(anonymous_2)
FN:64,(anonymous_3)
FN:106,QuickAddButton
FN:121,BulkAddButton
FN:128,(anonymous_6)
FN:131,(anonymous_7)
FNF:8
FNH:0
FNDA:0,AddToCartButton
FNDA:0,(anonymous_1)
FNDA:0,(anonymous_2)
FNDA:0,(anonymous_3)
FNDA:0,QuickAddButton
FNDA:0,BulkAddButton
FNDA:0,(anonymous_6)
FNDA:0,(anonymous_7)
DA:19,0
DA:20,0
DA:21,0
DA:23,0
DA:24,0
DA:26,0
DA:27,0
DA:29,0
DA:31,0
DA:32,0
DA:35,0
DA:36,0
DA:39,0
DA:40,0
DA:43,0
DA:46,0
DA:47,0
DA:50,0
DA:55,0
DA:58,0
DA:61,0
DA:64,0
DA:65,0
DA:66,0
DA:67,0
DA:68,0
DA:69,0
DA:70,0
DA:71,0
DA:75,0
DA:84,0
DA:107,0
DA:122,0
DA:124,0
DA:128,0
DA:132,0
LF:36
LH:0
BRDA:8,0,0,0
BRDA:9,1,0,0
BRDA:10,2,0,0
BRDA:11,3,0,0
BRDA:12,4,0,0
BRDA:13,5,0,0
BRDA:14,6,0,0
BRDA:27,7,0,0
BRDA:27,7,1,0
BRDA:27,8,0,0
BRDA:27,8,1,0
BRDA:27,8,2,0
BRDA:39,9,0,0
BRDA:39,9,1,0
BRDA:46,10,0,0
BRDA:46,10,1,0
BRDA:55,11,0,0
BRDA:55,11,1,0
BRDA:58,12,0,0
BRDA:58,12,1,0
BRDA:61,13,0,0
BRDA:61,13,1,0
BRDA:61,13,2,0
BRDA:61,13,3,0
BRDA:65,14,0,0
BRDA:65,14,1,0
BRDA:66,15,0,0
BRDA:66,15,1,0
BRDA:67,16,0,0
BRDA:67,16,1,0
BRDA:68,17,0,0
BRDA:68,17,1,0
BRDA:69,18,0,0
BRDA:69,18,1,0
BRDA:70,19,0,0
BRDA:70,19,1,0
BRDA:70,20,0,0
BRDA:70,20,1,0
BRDA:79,21,0,0
BRDA:79,21,1,0
BRDA:80,22,0,0
BRDA:80,22,1,0
BRDA:89,23,0,0
BRDA:89,23,1,0
BRDA:90,24,0,0
BRDA:90,24,1,0
BRDA:92,25,0,0
BRDA:92,25,1,0
BRDA:96,26,0,0
BRDA:96,26,1,0
BRDA:96,26,2,0
BRDA:96,26,3,0
BRDA:106,27,0,0
BRDA:121,28,0,0
BRDA:121,29,0,0
BRDA:133,30,0,0
BRDA:133,30,1,0
BRF:57
BRH:0
end_of_record
TN:
SF:components/AdminLayout.js
FN:8,(anonymous_0)
FN:14,(anonymous_1)
FN:15,checkAdmin
FN:44,(anonymous_3)
FNF:4
FNH:0
FNDA:0,(anonymous_0)
FNDA:0,(anonymous_1)
FNDA:0,checkAdmin
FNDA:0,(anonymous_3)
DA:8,0
DA:9,0
DA:10,0
DA:11,0
DA:12,0
DA:14,0
DA:16,0
DA:18,0
DA:19,0
DA:20,0
DA:24,0
DA:25,0
DA:26,0
DA:28,0
DA:29,0
DA:30,0
DA:33,0
DA:34,0
DA:36,0
DA:37,0
DA:41,0
DA:44,0
DA:45,0
DA:48,0
DA:49,0
DA:57,0
DA:58,0
DA:61,0
LF:28
LH:0
BRDA:18,0,0,0
BRDA:18,0,1,0
BRDA:28,1,0,0
BRDA:28,1,1,0
BRDA:48,2,0,0
BRDA:48,2,1,0
BRDA:57,3,0,0
BRDA:57,3,1,0
BRDA:71,4,0,0
BRDA:71,4,1,0
BRDA:81,5,0,0
BRDA:81,5,1,0
BRDA:90,6,0,0
BRDA:90,6,1,0
BRDA:100,7,0,0
BRDA:100,7,1,0
BRDA:108,8,0,0
BRDA:108,8,1,0
BRDA:118,9,0,0
BRDA:118,9,1,0
BRDA:143,10,0,0
BRDA:143,10,1,0
BRDA:144,11,0,0
BRDA:144,11,1,0
BRDA:145,12,0,0
BRDA:145,12,1,0
BRDA:146,13,0,0
BRDA:146,13,1,0
BRDA:147,14,0,0
BRDA:147,14,1,0
BRDA:148,15,0,0
BRDA:148,15,1,0
BRDA:154,16,0,0
BRDA:154,16,1,0
BRDA:155,17,0,0
BRDA:155,17,1,0
BRF:36
BRH:0
end_of_record
TN:
SF:components/Analytics.js
FN:10,GoogleAnalytics
FN:13,(anonymous_1)
FN:14,(anonymous_2)
FN:27,(anonymous_3)
FN:84,GoogleTagManager
FN:119,(anonymous_5)
FN:128,(anonymous_6)
FN:142,(anonymous_7)
FN:159,(anonymous_8)
FN:174,(anonymous_9)
FN:188,(anonymous_10)
FN:202,(anonymous_11)
FN:216,(anonymous_12)
FN:230,(anonymous_13)
FN:244,(anonymous_14)
FN:257,(anonymous_15)
FN:271,(anonymous_16)
FN:288,(anonymous_17)
FN:304,(anonymous_18)
FN:322,(anonymous_19)
FN:328,(anonymous_20)
FN:341,(anonymous_21)
FN:360,PrivacyCompliantAnalytics
FN:361,(anonymous_23)
FNF:24
FNH:0
FNDA:0,GoogleAnalytics
FNDA:0,(anonymous_1)
FNDA:0,(anonymous_2)
FNDA:0,(anonymous_3)
FNDA:0,GoogleTagManager
FNDA:0,(anonymous_5)
FNDA:0,(anonymous_6)
FNDA:0,(anonymous_7)
FNDA:0,(anonymous_8)
FNDA:0,(anonymous_9)
FNDA:0,(anonymous_10)
FNDA:0,(anonymous_11)
FNDA:0,(anonymous_12)
FNDA:0,(anonymous_13)
FNDA:0,(anonymous_14)
FNDA:0,(anonymous_15)
FNDA:0,(anonymous_16)
FNDA:0,(anonymous_17)
FNDA:0,(anonymous_18)
FNDA:0,(anonymous_19)
FNDA:0,(anonymous_20)
FNDA:0,(anonymous_21)
FNDA:0,PrivacyCompliantAnalytics
FNDA:0,(anonymous_23)
DA:6,0
DA:7,0
DA:11,0
DA:13,0
DA:14,0
DA:15,0
DA:16,0
DA:26,0
DA:27,0
DA:28,0
DA:32,0
DA:33,0
DA:36,0
DA:85,0
DA:86,0
DA:89,0
DA:117,0
DA:120,0
DA:121,0
DA:129,0
DA:130,0
DA:143,0
DA:160,0
DA:175,0
DA:189,0
DA:203,0
DA:217,0
DA:231,0
DA:245,0
DA:258,0
DA:272,0
DA:289,0
DA:305,0
DA:320,0
DA:323,0
DA:324,0
DA:328,0
DA:342,0
DA:343,0
DA:361,0
DA:363,0
DA:365,0
DA:367,0
DA:372,0
DA:378,0
LF:45
LH:0
BRDA:6,0,0,0
BRDA:6,0,1,0
BRDA:7,1,0,0
BRDA:7,1,1,0
BRDA:15,2,0,0
BRDA:15,2,1,0
BRDA:15,3,0,0
BRDA:15,3,1,0
BRDA:32,4,0,0
BRDA:32,4,1,0
BRDA:32,5,0,0
BRDA:32,5,1,0
BRDA:85,6,0,0
BRDA:85,6,1,0
BRDA:85,7,0,0
BRDA:85,7,1,0
BRDA:120,8,0,0
BRDA:120,8,1,0
BRDA:120,9,0,0
BRDA:120,9,1,0
BRDA:128,10,0,0
BRDA:129,11,0,0
BRDA:129,11,1,0
BRDA:129,12,0,0
BRDA:129,12,1,0
BRDA:151,13,0,0
BRDA:151,13,1,0
BRDA:165,14,0,0
BRDA:165,14,1,0
BRDA:166,15,0,0
BRDA:166,15,1,0
BRDA:167,16,0,0
BRDA:167,16,1,0
BRDA:244,17,0,0
BRDA:288,18,0,0
BRDA:288,19,0,0
BRDA:304,20,0,0
BRDA:323,21,0,0
BRDA:323,21,1,0
BRDA:323,22,0,0
BRDA:323,22,1,0
BRDA:332,23,0,0
BRDA:332,23,1,0
BRDA:334,24,0,0
BRDA:334,24,1,0
BRDA:342,25,0,0
BRDA:342,25,1,0
BRDA:342,26,0,0
BRDA:342,26,1,0
BRDA:350,27,0,0
BRDA:350,27,1,0
BRDA:365,28,0,0
BRDA:365,28,1,0
BRDA:365,29,0,0
BRDA:365,29,1,0
BRDA:365,29,2,0
BRF:56
BRH:0
end_of_record
TN:
SF:components/CartButton.js
FN:6,CartButton
FN:10,(anonymous_1)
FN:11,(anonymous_2)
FNF:3
FNH:0
FNDA:0,CartButton
FNDA:0,(anonymous_1)
FNDA:0,(anonymous_2)
DA:7,0
DA:8,0
DA:10,0
DA:11,0
DA:13,0
LF:5
LH:0
BRDA:6,0,0,0
BRDA:6,1,0,0
BRDA:22,2,0,0
BRDA:22,2,1,0
BRDA:24,3,0,0
BRDA:24,3,1,0
BRDA:29,4,0,0
BRDA:29,4,1,0
BRDA:32,5,0,0
BRDA:32,5,1,0
BRF:10
BRH:0
end_of_record
TN:
SF:components/CategoryHero.js
FN:4,CategoryHero
FN:34,(anonymous_1)
FNF:2
FNH:0
FNDA:0,CategoryHero
FNDA:0,(anonymous_1)
DA:5,0
DA:7,0
DA:35,0
LF:3
LH:0
BRDA:30,0,0,0
BRDA:30,0,1,0
BRDA:55,1,0,0
BRDA:55,1,1,0
BRF:4
BRH:0
end_of_record
TN:
SF:components/ChatBot.js
FN:81,ChatBot
FN:90,(anonymous_1)
FN:92,(anonymous_2)
FN:100,(anonymous_3)
FN:104,(anonymous_4)
FN:108,(anonymous_5)
FN:116,(anonymous_6)
FN:119,(anonymous_7)
FN:126,(anonymous_8)
FN:129,(anonymous_9)
FN:138,(anonymous_10)
FN:146,(anonymous_11)
FN:174,(anonymous_12)
FN:189,(anonymous_13)
FN:194,(anonymous_14)
FN:199,(anonymous_15)
FN:251,(anonymous_16)
FN:316,(anonymous_17)
FN:325,(anonymous_18)
FN:367,(anonymous_19)
FN:374,(anonymous_20)
FN:383,(anonymous_21)
FN:387,(anonymous_22)
FN:421,(anonymous_23)
FN:440,(anonymous_24)
FN:446,(anonymous_25)
FN:452,(anonymous_26)
FNF:27
FNH:0
FNDA:0,ChatBot
FNDA:0,(anonymous_1)
FNDA:0,(anonymous_2)
FNDA:0,(anonymous_3)
FNDA:0,(anonymous_4)
FNDA:0,(anonymous_5)
FNDA:0,(anonymous_6)
FNDA:0,(anonymous_7)
FNDA:0,(anonymous_8)
FNDA:0,(anonymous_9)
FNDA:0,(anonymous_10)
FNDA:0,(anonymous_11)
FNDA:0,(anonymous_12)
FNDA:0,(anonymous_13)
FNDA:0,(anonymous_14)
FNDA:0,(anonymous_15)
FNDA:0,(anonymous_16)
FNDA:0,(anonymous_17)
FNDA:0,(anonymous_18)
FNDA:0,(anonymous_19)
FNDA:0,(anonymous_20)
FNDA:0,(anonymous_21)
FNDA:0,(anonymous_22)
FNDA:0,(anonymous_23)
FNDA:0,(anonymous_24)
FNDA:0,(anonymous_25)
FNDA:0,(anonymous_26)
DA:7,0
DA:66,0
DA:82,0
DA:83,0
DA:84,0
DA:85,0
DA:86,0
DA:87,0
DA:90,0
DA:91,0
DA:92,0
DA:93,0
DA:94,0
DA:100,0
DA:101,0
DA:104,0
DA:105,0
DA:108,0
DA:109,0
DA:116,0
DA:119,0
DA:120,0
DA:126,0
DA:129,0
DA:130,0
DA:133,0
DA:135,0
DA:138,0
DA:140,0
DA:142,0
DA:143,0
DA:146,0
DA:148,0
DA:149,0
DA:156,0
DA:157,0
DA:164,0
DA:165,0
DA:172,0
DA:173,0
DA:174,0
DA:175,0
DA:177,0
DA:179,0
DA:186,0
DA:187,0
DA:188,0
DA:189,0
DA:192,0
DA:193,0
DA:194,0
DA:197,0
DA:198,0
DA:199,0
DA:206,0
DA:207,0
DA:214,0
DA:215,0
DA:222,0
DA:223,0
DA:230,0
DA:231,0
DA:238,0
DA:251,0
DA:252,0
DA:255,0
DA:257,0
DA:258,0
DA:259,0
DA:262,0
DA:263,0
DA:264,0
DA:268,0
DA:274,0
DA:275,0
DA:277,0
DA:278,0
DA:280,0
DA:281,0
DA:283,0
DA:284,0
DA:285,0
DA:287,0
DA:288,0
DA:289,0
DA:290,0
DA:293,0
DA:294,0
DA:295,0
DA:296,0
DA:298,0
DA:299,0
DA:301,0
DA:302,0
DA:303,0
DA:305,0
DA:306,0
DA:307,0
DA:309,0
DA:310,0
DA:312,0
DA:316,0
DA:317,0
DA:318,0
DA:319,0
DA:320,0
DA:321,0
DA:325,0
DA:326,0
DA:327,0
DA:328,0
DA:332,0
DA:368,0
DA:375,0
DA:384,0
DA:387,0
DA:421,0
DA:440,0
DA:446,0
DA:452,0
LF:120
LH:0
BRDA:91,0,0,0
BRDA:91,0,1,0
BRDA:91,1,0,0
BRDA:91,1,1,0
BRDA:108,2,0,0
BRDA:148,3,0,0
BRDA:148,3,1,0
BRDA:156,4,0,0
BRDA:156,4,1,0
BRDA:164,5,0,0
BRDA:164,5,1,0
BRDA:172,6,0,0
BRDA:172,6,1,0
BRDA:186,7,0,0
BRDA:186,7,1,0
BRDA:187,8,0,0
BRDA:187,8,1,0
BRDA:192,9,0,0
BRDA:192,9,1,0
BRDA:197,10,0,0
BRDA:197,10,1,0
BRDA:206,11,0,0
BRDA:206,11,1,0
BRDA:214,12,0,0
BRDA:214,12,1,0
BRDA:222,13,0,0
BRDA:222,13,1,0
BRDA:230,14,0,0
BRDA:230,14,1,0
BRDA:255,15,0,0
BRDA:255,15,1,0
BRDA:255,15,2,0
BRDA:255,15,3,0
BRDA:255,15,4,0
BRDA:255,15,5,0
BRDA:255,15,6,0
BRDA:255,15,7,0
BRDA:255,15,8,0
BRDA:255,15,9,0
BRDA:255,15,10,0
BRDA:255,15,11,0
BRDA:255,15,12,0
BRDA:255,15,13,0
BRDA:255,15,14,0
BRDA:255,15,15,0
BRDA:318,16,0,0
BRDA:318,16,1,0
BRDA:327,17,0,0
BRDA:327,17,1,0
BRDA:336,18,0,0
BRDA:336,18,1,0
BRDA:340,19,0,0
BRDA:340,19,1,0
BRDA:341,20,0,0
BRDA:341,20,1,0
BRDA:345,21,0,0
BRDA:345,21,1,0
BRDA:377,22,0,0
BRDA:377,22,1,0
BRDA:381,23,0,0
BRDA:381,23,1,0
BRDA:401,24,0,0
BRDA:401,24,1,0
BRDA:429,25,0,0
BRDA:429,25,1,0
BRF:65
BRH:0
end_of_record
TN:
SF:components/ContactForm.js
FN:6,ContactForm
FN:32,(anonymous_1)
FN:34,(anonymous_2)
FN:41,(anonymous_3)
FN:48,(anonymous_4)
FN:72,(anonymous_5)
FN:78,(anonymous_6)
FN:85,(anonymous_7)
FN:121,(anonymous_8)
FN:129,(anonymous_9)
FN:144,(anonymous_10)
FN:169,(anonymous_11)
FN:257,(anonymous_12)
FNF:13
FNH:0
FNDA:0,ContactForm
FNDA:0,(anonymous_1)
FNDA:0,(anonymous_2)
FNDA:0,(anonymous_3)
FNDA:0,(anonymous_4)
FNDA:0,(anonymous_5)
FNDA:0,(anonymous_6)
FNDA:0,(anonymous_7)
FNDA:0,(anonymous_8)
FNDA:0,(anonymous_9)
FNDA:0,(anonymous_10)
FNDA:0,(anonymous_11)
FNDA:0,(anonymous_12)
DA:7,0
DA:17,0
DA:24,0
DA:32,0
DA:33,0
DA:34,0
DA:40,0
DA:41,0
DA:48,0
DA:49,0
DA:51,0
DA:52,0
DA:55,0
DA:56,0
DA:57,0
DA:60,0
DA:61,0
DA:62,0
DA:65,0
DA:66,0
DA:69,0
DA:72,0
DA:73,0
DA:76,0
DA:77,0
DA:78,0
DA:82,0
DA:85,0
DA:91,0
DA:92,0
DA:100,0
DA:102,0
DA:103,0
DA:111,0
DA:121,0
DA:128,0
DA:129,0
DA:137,0
DA:138,0
DA:144,0
DA:153,0
DA:170,0
DA:258,0
LF:43
LH:0
BRDA:40,0,0,0
BRDA:40,0,1,0
BRDA:51,1,0,0
BRDA:51,1,1,0
BRDA:51,2,0,0
BRDA:51,2,1,0
BRDA:56,3,0,0
BRDA:56,3,1,0
BRDA:56,4,0,0
BRDA:56,4,1,0
BRDA:61,5,0,0
BRDA:61,5,1,0
BRDA:61,6,0,0
BRDA:61,6,1,0
BRDA:65,7,0,0
BRDA:65,7,1,0
BRDA:65,8,0,0
BRDA:65,8,1,0
BRDA:77,9,0,0
BRDA:77,9,1,0
BRDA:102,10,0,0
BRDA:102,10,1,0
BRDA:124,11,0,0
BRDA:124,11,1,0
BRDA:137,12,0,0
BRDA:137,12,1,0
BRDA:163,13,0,0
BRDA:163,13,1,0
BRDA:303,14,0,0
BRDA:303,14,1,0
BRF:30
BRH:0
end_of_record
TN:
SF:components/CriticalCss.js
FN:18,(anonymous_0)
FN:36,(anonymous_1)
FN:47,(anonymous_2)
FN:57,(anonymous_3)
FNF:4
FNH:0
FNDA:0,(anonymous_0)
FNDA:0,(anonymous_1)
FNDA:0,(anonymous_2)
FNDA:0,(anonymous_3)
DA:18,0
DA:24,0
DA:37,0
DA:48,0
DA:58,0
LF:5
LH:0
BRDA:19,0,0,0
BRDA:20,1,0,0
BRDA:21,2,0,0
BRDA:22,3,0,0
BRDA:27,4,0,0
BRDA:27,4,1,0
BRF:6
BRH:0
end_of_record
TN:
SF:components/CryptoCheckoutButton.js
FN:5,CryptoCheckoutButton
FN:22,(anonymous_1)
FN:26,(anonymous_2)
FN:34,(anonymous_3)
FN:65,(anonymous_4)
FN:72,(anonymous_5)
FN:108,(anonymous_6)
FN:132,(anonymous_7)
FN:152,(anonymous_8)
FN:156,(anonymous_9)
FN:167,(anonymous_10)
FNF:11
FNH:0
FNDA:0,CryptoCheckoutButton
FNDA:0,(anonymous_1)
FNDA:0,(anonymous_2)
FNDA:0,(anonymous_3)
FNDA:0,(anonymous_4)
FNDA:0,(anonymous_5)
FNDA:0,(anonymous_6)
FNDA:0,(anonymous_7)
FNDA:0,(anonymous_8)
FNDA:0,(anonymous_9)
FNDA:0,(anonymous_10)
DA:6,0
DA:7,0
DA:8,0
DA:9,0
DA:10,0
DA:11,0
DA:12,0
DA:14,0
DA:22,0
DA:23,0
DA:26,0
DA:27,0
DA:28,0
DA:29,0
DA:30,0
DA:34,0
DA:37,0
DA:46,0
DA:54,0
DA:55,0
DA:58,0
DA:59,0
DA:61,0
DA:65,0
DA:66,0
DA:67,0
DA:68,0
DA:72,0
DA:75,0
DA:78,0
DA:79,0
DA:80,0
DA:84,0
DA:85,0
DA:109,0
DA:110,0
DA:132,0
DA:146,0
DA:147,0
DA:153,0
DA:156,0
DA:167,0
DA:179,0
LF:43
LH:0
BRDA:59,0,0,0
BRDA:59,0,1,0
BRDA:79,1,0,0
BRDA:79,1,1,0
BRDA:84,2,0,0
BRDA:84,2,1,0
BRDA:127,3,0,0
BRDA:127,3,1,0
BRDA:141,4,0,0
BRDA:141,4,1,0
BRDA:146,5,0,0
BRDA:146,5,1,0
BRDA:173,6,0,0
BRDA:173,6,1,0
BRDA:174,7,0,0
BRDA:174,7,1,0
BRF:16
BRH:0
end_of_record
TN:
SF:components/DeviceGradingPopup.js
FN:6,DeviceGradingPopup
FN:10,(anonymous_1)
FN:16,(anonymous_2)
FN:20,(anonymous_3)
FN:24,(anonymous_4)
FN:30,(anonymous_5)
FNF:6
FNH:3
FNDA:15,DeviceGradingPopup
FNDA:5,(anonymous_1)
FNDA:0,(anonymous_2)
FNDA:5,(anonymous_3)
FNDA:0,(anonymous_4)
FNDA:0,(anonymous_5)
DA:7,15
DA:8,15
DA:10,15
DA:12,5
DA:14,5
DA:16,5
DA:17,0
DA:20,5
DA:24,15
DA:25,0
DA:27,0
DA:30,15
DA:31,0
DA:32,0
DA:35,15
DA:36,15
DA:39,0
LF:17
LH:11
BRDA:14,0,0,5
BRDA:14,0,1,0
BRDA:35,1,0,15
BRDA:35,1,1,0
BRF:4
BRH:2
end_of_record
TN:
SF:components/ErrorBoundary.js
FN:5,(anonymous_0)
FN:15,(anonymous_1)
FN:23,(anonymous_2)
FN:38,(anonymous_3)
FN:47,(anonymous_4)
FN:90,(anonymous_5)
FN:138,withErrorBoundary
FN:139,(anonymous_7)
FN:151,useErrorHandler
FN:154,(anonymous_9)
FN:160,(anonymous_10)
FNF:11
FNH:0
FNDA:0,(anonymous_0)
FNDA:0,(anonymous_1)
FNDA:0,(anonymous_2)
FNDA:0,(anonymous_3)
FNDA:0,(anonymous_4)
FNDA:0,(anonymous_5)
FNDA:0,withErrorBoundary
FNDA:0,(anonymous_7)
FNDA:0,useErrorHandler
FNDA:0,(anonymous_9)
FNDA:0,(anonymous_10)
DA:6,0
DA:7,0
DA:17,0
DA:25,0
DA:27,0
DA:33,0
DA:38,0
DA:39,0
DA:48,0
DA:50,0
DA:52,0
DA:53,0
DA:63,0
DA:90,0
DA:133,0
DA:139,0
DA:140,0
DA:145,0
DA:147,0
DA:152,0
DA:154,0
DA:155,0
DA:156,0
DA:160,0
DA:161,0
DA:164,0
LF:26
LH:0
BRDA:33,0,0,0
BRDA:33,0,1,0
BRDA:48,1,0,0
BRDA:48,1,1,0
BRDA:50,2,0,0
BRDA:52,3,0,0
BRDA:52,3,1,0
BRDA:97,4,0,0
BRDA:97,4,1,0
BRDA:97,4,2,0
BRDA:145,5,0,0
BRDA:145,5,1,0
BRDA:145,5,2,0
BRDA:155,6,0,0
BRDA:155,6,1,0
BRF:15
BRH:0
end_of_record
TN:
SF:components/FixHiddenElement.js
FN:4,(anonymous_0)
FN:5,(anonymous_1)
FN:7,(anonymous_2)
FN:40,(anonymous_3)
FNF:4
FNH:0
FNDA:0,(anonymous_0)
FNDA:0,(anonymous_1)
FNDA:0,(anonymous_2)
FNDA:0,(anonymous_3)
DA:4,0
DA:5,0
DA:7,0
DA:8,0
DA:10,0
DA:12,0
DA:14,0
DA:16,0
DA:18,0
DA:22,0
DA:29,0
DA:34,0
DA:37,0
DA:40,0
DA:41,0
DA:42,0
DA:47,0
LF:17
LH:0
BRDA:12,0,0,0
BRDA:12,0,1,0
BRDA:16,1,0,0
BRDA:16,1,1,0
BRF:4
BRH:0
end_of_record
TN:
SF:components/Footer.js
FN:5,Footer
FNF:1
FNH:0
FNDA:0,Footer
DA:6,0
LF:1
LH:0
BRF:0
BRH:0
end_of_record
TN:
SF:components/Header.js
FN:7,Header
FN:42,(anonymous_1)
FNF:2
FNH:0
FNDA:0,Header
FNDA:0,(anonymous_1)
DA:8,0
DA:10,0
DA:42,0
LF:3
LH:0
BRDA:53,0,0,0
BRDA:53,0,1,0
BRF:2
BRH:0
end_of_record
TN:
SF:components/Hero.js
FN:6,Hero
FN:55,(anonymous_1)
FN:57,(anonymous_2)
FN:63,(anonymous_3)
FN:70,(anonymous_4)
FN:80,(anonymous_5)
FN:81,(anonymous_6)
FN:87,(anonymous_7)
FN:93,(anonymous_8)
FN:98,(anonymous_9)
FN:103,(anonymous_10)
FN:109,(anonymous_11)
FN:114,(anonymous_12)
FN:166,(anonymous_13)
FN:170,(anonymous_14)
FN:209,(anonymous_15)
FNF:16
FNH:0
FNDA:0,Hero
FNDA:0,(anonymous_1)
FNDA:0,(anonymous_2)
FNDA:0,(anonymous_3)
FNDA:0,(anonymous_4)
FNDA:0,(anonymous_5)
FNDA:0,(anonymous_6)
FNDA:0,(anonymous_7)
FNDA:0,(anonymous_8)
FNDA:0,(anonymous_9)
FNDA:0,(anonymous_10)
FNDA:0,(anonymous_11)
FNDA:0,(anonymous_12)
FNDA:0,(anonymous_13)
FNDA:0,(anonymous_14)
FNDA:0,(anonymous_15)
DA:7,0
DA:8,0
DA:9,0
DA:10,0
DA:11,0
DA:13,0
DA:52,0
DA:53,0
DA:55,0
DA:56,0
DA:57,0
DA:58,0
DA:59,0
DA:63,0
DA:64,0
DA:65,0
DA:67,0
DA:69,0
DA:70,0
DA:71,0
DA:72,0
DA:74,0
DA:75,0
DA:80,0
DA:81,0
DA:82,0
DA:87,0
DA:88,0
DA:89,0
DA:90,0
DA:93,0
DA:94,0
DA:95,0
DA:98,0
DA:99,0
DA:100,0
DA:103,0
DA:104,0
DA:105,0
DA:106,0
DA:109,0
DA:110,0
DA:111,0
DA:114,0
DA:115,0
DA:116,0
DA:117,0
DA:118,0
DA:122,0
DA:124,0
DA:167,0
DA:170,0
DA:210,0
LF:53
LH:0
BRDA:58,0,0,0
BRDA:58,0,1,0
BRDA:59,1,0,0
BRDA:59,1,1,0
BRDA:64,2,0,0
BRDA:64,2,1,0
BRDA:65,3,0,0
BRDA:65,3,1,0
BRDA:67,4,0,0
BRDA:67,4,1,0
BRDA:74,5,0,0
BRDA:74,5,1,0
BRDA:94,6,0,0
BRDA:94,6,1,0
BRDA:105,7,0,0
BRDA:105,7,1,0
BRDA:106,8,0,0
BRDA:106,8,1,0
BRDA:115,9,0,0
BRDA:115,9,1,0
BRDA:117,10,0,0
BRDA:117,10,1,0
BRDA:169,11,0,0
BRDA:169,11,1,0
BRDA:237,12,0,0
BRDA:237,12,1,0
BRF:26
BRH:0
end_of_record
TN:
SF:components/LoadingSpinner.js
FN:4,LoadingSpinner
FN:54,ProductCardSkeleton
FNF:2
FNH:0
FNDA:0,LoadingSpinner
FNDA:0,ProductCardSkeleton
DA:11,0
DA:12,0
DA:15,0
DA:23,0
DA:24,0
DA:34,0
DA:35,0
DA:45,0
DA:55,0
LF:9
LH:0
BRDA:5,0,0,0
BRDA:6,1,0,0
BRDA:7,2,0,0
BRDA:8,3,0,0
BRDA:9,4,0,0
BRDA:23,5,0,0
BRDA:23,5,1,0
BRDA:28,6,0,0
BRDA:28,6,1,0
BRDA:34,7,0,0
BRDA:34,7,1,0
BRDA:39,8,0,0
BRDA:39,8,1,0
BRDA:48,9,0,0
BRDA:48,9,1,0
BRF:15
BRH:0
end_of_record
TN:
SF:components/NewsletterSignup.js
FN:4,NewsletterSignup
FN:10,(anonymous_1)
FN:69,(anonymous_2)
FNF:3
FNH:0
FNDA:0,NewsletterSignup
FNDA:0,(anonymous_1)
FNDA:0,(anonymous_2)
DA:5,0
DA:6,0
DA:7,0
DA:8,0
DA:10,0
DA:11,0
DA:13,0
DA:14,0
DA:15,0
DA:16,0
DA:19,0
DA:20,0
DA:21,0
DA:22,0
DA:23,0
DA:26,0
DA:27,0
DA:29,0
DA:30,0
DA:38,0
DA:40,0
DA:41,0
DA:42,0
DA:43,0
DA:45,0
DA:46,0
DA:49,0
DA:50,0
DA:51,0
DA:53,0
DA:57,0
DA:69,0
LF:32
LH:0
BRDA:13,0,0,0
BRDA:13,0,1,0
BRDA:20,1,0,0
BRDA:20,1,1,0
BRDA:40,2,0,0
BRDA:40,2,1,0
BRDA:45,3,0,0
BRDA:45,3,1,0
BRDA:80,4,0,0
BRDA:80,4,1,0
BRDA:84,5,0,0
BRDA:84,5,1,0
BRF:12
BRH:0
end_of_record
TN:
SF:components/OptimizedImage.js
FN:5,OptimizedImage
FN:34,(anonymous_1)
FN:39,(anonymous_2)
FN:95,ProductImage
FN:142,HeroImage
FN:183,LogoImage
FN:206,GalleryImage
FN:222,(anonymous_7)
FN:245,generateBlurDataURL
FNF:9
FNH:0
FNDA:0,OptimizedImage
FNDA:0,(anonymous_1)
FNDA:0,(anonymous_2)
FNDA:0,ProductImage
FNDA:0,HeroImage
FNDA:0,LogoImage
FNDA:0,GalleryImage
FNDA:0,(anonymous_7)
FNDA:0,generateBlurDataURL
DA:27,0
DA:28,0
DA:29,0
DA:32,0
DA:34,0
DA:35,0
DA:36,0
DA:39,0
DA:40,0
DA:41,0
DA:42,0
DA:43,0
DA:46,0
DA:62,0
DA:63,0
DA:64,0
DA:70,0
DA:71,0
DA:74,0
DA:104,0
DA:106,0
DA:151,0
DA:190,0
DA:216,0
DA:222,0
DA:246,0
DA:247,0
DA:249,0
DA:252,0
DA:253,0
DA:254,0
DA:257,0
DA:258,0
DA:259,0
DA:261,0
DA:262,0
DA:264,0
LF:37
LH:0
BRDA:10,0,0,0
BRDA:11,1,0,0
BRDA:12,2,0,0
BRDA:13,3,0,0
BRDA:15,4,0,0
BRDA:16,5,0,0
BRDA:17,6,0,0
BRDA:18,7,0,0
BRDA:19,8,0,0
BRDA:20,9,0,0
BRDA:23,10,0,0
BRDA:24,11,0,0
BRDA:32,12,0,0
BRDA:32,12,1,0
BRDA:36,13,0,0
BRDA:36,13,1,0
BRDA:43,14,0,0
BRDA:43,14,1,0
BRDA:48,15,0,0
BRDA:48,15,1,0
BRDA:51,16,0,0
BRDA:51,16,1,0
BRDA:52,17,0,0
BRDA:52,17,1,0
BRDA:53,18,0,0
BRDA:53,18,1,0
BRDA:54,19,0,0
BRDA:54,19,1,0
BRDA:58,20,0,0
BRDA:58,20,1,0
BRDA:58,21,0,0
BRDA:58,21,1,0
BRDA:62,22,0,0
BRDA:62,22,1,0
BRDA:75,23,0,0
BRDA:75,23,1,0
BRDA:76,24,0,0
BRDA:76,24,1,0
BRDA:76,24,2,0
BRDA:84,25,0,0
BRDA:84,25,1,0
BRDA:97,26,0,0
BRDA:98,27,0,0
BRDA:99,28,0,0
BRDA:100,29,0,0
BRDA:101,30,0,0
BRDA:104,31,0,0
BRDA:104,31,1,0
BRDA:120,32,0,0
BRDA:120,32,1,0
BRDA:120,32,2,0
BRDA:126,33,0,0
BRDA:126,33,1,0
BRDA:126,33,2,0
BRDA:132,34,0,0
BRDA:132,34,1,0
BRDA:132,34,2,0
BRDA:145,35,0,0
BRDA:146,36,0,0
BRDA:147,37,0,0
BRDA:166,38,0,0
BRDA:166,38,1,0
BRDA:173,39,0,0
BRDA:173,39,1,0
BRDA:184,40,0,0
BRDA:185,41,0,0
BRDA:186,42,0,0
BRDA:187,43,0,0
BRDA:209,44,0,0
BRDA:210,45,0,0
BRDA:211,46,0,0
BRDA:220,47,0,0
BRDA:220,47,1,0
BRDA:221,48,0,0
BRDA:221,48,1,0
BRDA:222,49,0,0
BRDA:222,49,1,0
BRDA:222,50,0,0
BRDA:222,50,1,0
BRDA:235,51,0,0
BRDA:235,51,1,0
BRDA:245,52,0,0
BRDA:245,53,0,0
BRDA:246,54,0,0
BRDA:246,54,1,0
BRDA:247,55,0,0
BRDA:247,55,1,0
BRF:87
BRH:0
end_of_record
TN:
SF:components/PayPalCheckoutButton.js
FN:5,PayPalCheckoutButton
FN:9,(anonymous_1)
FN:15,(anonymous_2)
FN:19,(anonymous_3)
FN:47,(anonymous_4)
FN:86,(anonymous_5)
FN:109,(anonymous_6)
FNF:7
FNH:0
FNDA:0,PayPalCheckoutButton
FNDA:0,(anonymous_1)
FNDA:0,(anonymous_2)
FNDA:0,(anonymous_3)
FNDA:0,(anonymous_4)
FNDA:0,(anonymous_5)
FNDA:0,(anonymous_6)
DA:6,0
DA:7,0
DA:9,0
DA:11,0
DA:12,0
DA:13,0
DA:15,0
DA:17,0
DA:18,0
DA:21,0
DA:49,0
DA:52,0
DA:53,0
DA:65,0
DA:67,0
DA:68,0
DA:69,0
DA:72,0
DA:75,0
DA:78,0
DA:79,0
DA:80,0
DA:82,0
DA:87,0
DA:88,0
DA:89,0
DA:91,0
DA:106,0
DA:109,0
DA:110,0
DA:111,0
DA:116,0
LF:32
LH:0
BRDA:17,0,0,0
BRDA:17,0,1,0
BRDA:67,1,0,0
BRDA:67,1,1,0
BRDA:68,2,0,0
BRDA:68,2,1,0
BRDA:75,3,0,0
BRDA:75,3,1,0
BRDA:79,4,0,0
BRDA:79,4,1,0
BRDA:88,5,0,0
BRDA:88,5,1,0
BRDA:110,6,0,0
BRDA:110,6,1,0
BRF:14
BRH:0
end_of_record
TN:
SF:components/ProductGrid.js
FN:9,ProductGrid
FN:16,(anonymous_1)
FN:19,(anonymous_2)
FN:30,(anonymous_3)
FN:37,(anonymous_4)
FN:50,(anonymous_5)
FN:74,(anonymous_6)
FN:99,(anonymous_7)
FN:105,(anonymous_8)
FN:115,(anonymous_9)
FN:126,(anonymous_10)
FN:171,(anonymous_11)
FN:190,(anonymous_12)
FNF:13
FNH:0
FNDA:0,ProductGrid
FNDA:0,(anonymous_1)
FNDA:0,(anonymous_2)
FNDA:0,(anonymous_3)
FNDA:0,(anonymous_4)
FNDA:0,(anonymous_5)
FNDA:0,(anonymous_6)
FNDA:0,(anonymous_7)
FNDA:0,(anonymous_8)
FNDA:0,(anonymous_9)
FNDA:0,(anonymous_10)
FNDA:0,(anonymous_11)
FNDA:0,(anonymous_12)
DA:10,0
DA:11,0
DA:12,0
DA:13,0
DA:16,0
DA:19,0
DA:20,0
DA:26,0
DA:30,0
DA:31,0
DA:32,0
DA:33,0
DA:34,0
DA:37,0
DA:38,0
DA:40,0
DA:42,0
DA:44,0
DA:46,0
DA:50,0
DA:51,0
DA:58,0
DA:59,0
DA:75,0
DA:83,0
DA:99,0
DA:106,0
DA:115,0
DA:127,0
DA:171,0
DA:190,0
LF:31
LH:0
BRDA:9,0,0,0
BRDA:31,1,0,0
BRDA:31,1,1,0
BRDA:32,2,0,0
BRDA:32,2,1,0
BRDA:33,3,0,0
BRDA:33,3,1,0
BRDA:38,4,0,0
BRDA:38,4,1,0
BRDA:38,4,2,0
BRDA:38,4,3,0
BRDA:58,5,0,0
BRDA:58,5,1,0
BRDA:132,6,0,0
BRDA:132,6,1,0
BRDA:149,7,0,0
BRDA:149,7,1,0
BRDA:157,8,0,0
BRDA:157,8,1,0
BRDA:181,9,0,0
BRDA:181,9,1,0
BRF:21
BRH:0
end_of_record
TN:
SF:components/QuickInquiry.js
FN:4,QuickInquiry
FN:16,(anonymous_1)
FN:18,(anonymous_2)
FN:25,(anonymous_3)
FN:32,(anonymous_4)
FN:56,(anonymous_5)
FN:97,(anonymous_6)
FNF:7
FNH:0
FNDA:0,QuickInquiry
FNDA:0,(anonymous_1)
FNDA:0,(anonymous_2)
FNDA:0,(anonymous_3)
FNDA:0,(anonymous_4)
FNDA:0,(anonymous_5)
FNDA:0,(anonymous_6)
DA:5,0
DA:10,0
DA:11,0
DA:12,0
DA:13,0
DA:14,0
DA:16,0
DA:17,0
DA:18,0
DA:24,0
DA:25,0
DA:32,0
DA:33,0
DA:35,0
DA:36,0
DA:39,0
DA:40,0
DA:42,0
DA:43,0
DA:44,0
DA:48,0
DA:49,0
DA:52,0
DA:53,0
DA:56,0
DA:57,0
DA:59,0
DA:60,0
DA:61,0
DA:63,0
DA:64,0
DA:65,0
DA:66,0
DA:67,0
DA:70,0
DA:73,0
DA:74,0
DA:75,0
DA:77,0
DA:78,0
DA:90,0
DA:92,0
DA:93,0
DA:94,0
DA:95,0
DA:97,0
DA:98,0
DA:99,0
DA:100,0
DA:104,0
DA:105,0
DA:108,0
DA:109,0
DA:110,0
DA:112,0
DA:116,0
LF:56
LH:0
BRDA:24,0,0,0
BRDA:24,0,1,0
BRDA:35,1,0,0
BRDA:35,1,1,0
BRDA:39,2,0,0
BRDA:39,2,1,0
BRDA:43,3,0,0
BRDA:43,3,1,0
BRDA:48,4,0,0
BRDA:48,4,1,0
BRDA:59,5,0,0
BRDA:59,5,1,0
BRDA:64,6,0,0
BRDA:64,6,1,0
BRDA:66,7,0,0
BRDA:66,7,1,0
BRDA:92,8,0,0
BRDA:92,8,1,0
BRDA:99,9,0,0
BRDA:99,9,1,0
BRDA:104,10,0,0
BRDA:104,10,1,0
BRDA:126,11,0,0
BRDA:126,11,1,0
BRDA:139,12,0,0
BRDA:139,12,1,0
BRDA:142,13,0,0
BRDA:142,13,1,0
BRDA:143,14,0,0
BRDA:143,14,1,0
BRDA:145,15,0,0
BRDA:145,15,1,0
BRDA:163,16,0,0
BRDA:163,16,1,0
BRDA:166,17,0,0
BRDA:166,17,1,0
BRDA:167,18,0,0
BRDA:167,18,1,0
BRDA:169,19,0,0
BRDA:169,19,1,0
BRDA:187,20,0,0
BRDA:187,20,1,0
BRDA:191,21,0,0
BRDA:191,21,1,0
BRDA:192,22,0,0
BRDA:192,22,1,0
BRDA:194,23,0,0
BRDA:194,23,1,0
BRDA:205,24,0,0
BRDA:205,24,1,0
BRDA:207,25,0,0
BRDA:207,25,1,0
BRDA:219,26,0,0
BRDA:219,26,1,0
BRF:54
BRH:0
end_of_record
TN:
SF:components/QuoteRequestModal.js
FN:5,QuoteRequestModal
FN:41,(anonymous_1)
FN:54,(anonymous_2)
FN:56,(anonymous_3)
FN:63,(anonymous_4)
FN:70,(anonymous_5)
FN:71,(anonymous_6)
FN:71,(anonymous_7)
FN:78,(anonymous_8)
FN:87,(anonymous_9)
FN:90,(anonymous_10)
FN:91,(anonymous_11)
FN:91,(anonymous_12)
FN:94,(anonymous_13)
FN:117,(anonymous_14)
FN:138,(anonymous_15)
FN:156,(anonymous_16)
FN:161,(anonymous_17)
FN:168,(anonymous_18)
FN:182,(anonymous_19)
FN:197,(anonymous_20)
FN:205,(anonymous_21)
FN:213,(anonymous_22)
FN:233,(anonymous_23)
FN:243,(anonymous_24)
FN:256,(anonymous_25)
FN:256,(anonymous_26)
FN:271,(anonymous_27)
FN:285,(anonymous_28)
FN:376,(anonymous_29)
FN:395,(anonymous_30)
FN:417,(anonymous_31)
FN:427,(anonymous_32)
FN:443,(anonymous_33)
FN:457,(anonymous_34)
FN:473,(anonymous_35)
FN:488,(anonymous_36)
FN:503,(anonymous_37)
FNF:38
FNH:0
FNDA:0,QuoteRequestModal
FNDA:0,(anonymous_1)
FNDA:0,(anonymous_2)
FNDA:0,(anonymous_3)
FNDA:0,(anonymous_4)
FNDA:0,(anonymous_5)
FNDA:0,(anonymous_6)
FNDA:0,(anonymous_7)
FNDA:0,(anonymous_8)
FNDA:0,(anonymous_9)
FNDA:0,(anonymous_10)
FNDA:0,(anonymous_11)
FNDA:0,(anonymous_12)
FNDA:0,(anonymous_13)
FNDA:0,(anonymous_14)
FNDA:0,(anonymous_15)
FNDA:0,(anonymous_16)
FNDA:0,(anonymous_17)
FNDA:0,(anonymous_18)
FNDA:0,(anonymous_19)
FNDA:0,(anonymous_20)
FNDA:0,(anonymous_21)
FNDA:0,(anonymous_22)
FNDA:0,(anonymous_23)
FNDA:0,(anonymous_24)
FNDA:0,(anonymous_25)
FNDA:0,(anonymous_26)
FNDA:0,(anonymous_27)
FNDA:0,(anonymous_28)
FNDA:0,(anonymous_29)
FNDA:0,(anonymous_30)
FNDA:0,(anonymous_31)
FNDA:0,(anonymous_32)
FNDA:0,(anonymous_33)
FNDA:0,(anonymous_34)
FNDA:0,(anonymous_35)
FNDA:0,(anonymous_36)
FNDA:0,(anonymous_37)
DA:6,0
DA:16,0
DA:17,0
DA:25,0
DA:34,0
DA:41,0
DA:42,0
DA:43,0
DA:54,0
DA:55,0
DA:56,0
DA:62,0
DA:63,0
DA:70,0
DA:71,0
DA:72,0
DA:78,0
DA:79,0
DA:87,0
DA:90,0
DA:91,0
DA:94,0
DA:95,0
DA:96,0
DA:98,0
DA:99,0
DA:100,0
DA:101,0
DA:102,0
DA:103,0
DA:104,0
DA:105,0
DA:106,0
DA:109,0
DA:117,0
DA:118,0
DA:120,0
DA:121,0
DA:124,0
DA:125,0
DA:126,0
DA:129,0
DA:130,0
DA:131,0
DA:134,0
DA:135,0
DA:138,0
DA:139,0
DA:140,0
DA:142,0
DA:143,0
DA:145,0
DA:146,0
DA:148,0
DA:149,0
DA:153,0
DA:156,0
DA:157,0
DA:159,0
DA:160,0
DA:161,0
DA:165,0
DA:168,0
DA:174,0
DA:175,0
DA:182,0
DA:186,0
DA:188,0
DA:189,0
DA:197,0
DA:204,0
DA:205,0
DA:213,0
DA:214,0
DA:223,0
DA:224,0
DA:233,0
DA:234,0
DA:235,0
DA:238,0
DA:240,0
DA:241,0
DA:243,0
DA:256,0
DA:268,0
DA:271,0
DA:286,0
DA:377,0
DA:396,0
DA:418,0
DA:420,0
DA:427,0
DA:443,0
DA:457,0
DA:473,0
DA:488,0
DA:503,0
LF:97
LH:0
BRDA:5,0,0,0
BRDA:42,1,0,0
BRDA:42,1,1,0
BRDA:42,2,0,0
BRDA:42,2,1,0
BRDA:62,3,0,0
BRDA:62,3,1,0
BRDA:72,4,0,0
BRDA:72,4,1,0
BRDA:73,5,0,0
BRDA:73,5,1,0
BRDA:73,6,0,0
BRDA:73,6,1,0
BRDA:98,7,0,0
BRDA:98,7,1,0
BRDA:101,8,0,0
BRDA:101,8,1,0
BRDA:104,9,0,0
BRDA:104,9,1,0
BRDA:120,10,0,0
BRDA:120,10,1,0
BRDA:120,11,0,0
BRDA:120,11,1,0
BRDA:125,12,0,0
BRDA:125,12,1,0
BRDA:125,13,0,0
BRDA:125,13,1,0
BRDA:130,14,0,0
BRDA:130,14,1,0
BRDA:130,15,0,0
BRDA:130,15,1,0
BRDA:134,16,0,0
BRDA:134,16,1,0
BRDA:139,17,0,0
BRDA:139,17,1,0
BRDA:142,18,0,0
BRDA:142,18,1,0
BRDA:145,19,0,0
BRDA:145,19,1,0
BRDA:145,20,0,0
BRDA:145,20,1,0
BRDA:148,21,0,0
BRDA:148,21,1,0
BRDA:148,22,0,0
BRDA:148,22,1,0
BRDA:160,23,0,0
BRDA:160,23,1,0
BRDA:188,24,0,0
BRDA:188,24,1,0
BRDA:200,25,0,0
BRDA:200,25,1,0
BRDA:238,26,0,0
BRDA:238,26,1,0
BRDA:240,27,0,0
BRDA:240,27,1,0
BRDA:279,28,0,0
BRDA:279,28,1,0
BRDA:424,29,0,0
BRDA:424,29,1,0
BRDA:488,30,0,0
BRDA:488,30,1,0
BRDA:510,31,0,0
BRDA:510,31,1,0
BRDA:510,31,2,0
BRDA:514,32,0,0
BRDA:514,32,1,0
BRDA:520,33,0,0
BRDA:520,33,1,0
BRDA:565,34,0,0
BRDA:565,34,1,0
BRF:70
BRH:0
end_of_record
TN:
SF:components/RepairTypesList.js
FN:5,(anonymous_0)
FN:11,(anonymous_1)
FN:21,(anonymous_2)
FN:34,(anonymous_3)
FN:66,(anonymous_4)
FN:80,(anonymous_5)
FN:117,(anonymous_6)
FN:124,(anonymous_7)
FN:160,(anonymous_8)
FN:181,(anonymous_9)
FNF:10
FNH:0
FNDA:0,(anonymous_0)
FNDA:0,(anonymous_1)
FNDA:0,(anonymous_2)
FNDA:0,(anonymous_3)
FNDA:0,(anonymous_4)
FNDA:0,(anonymous_5)
FNDA:0,(anonymous_6)
FNDA:0,(anonymous_7)
FNDA:0,(anonymous_8)
FNDA:0,(anonymous_9)
DA:5,0
DA:6,0
DA:7,0
DA:8,0
DA:11,0
DA:12,0
DA:13,0
DA:14,0
DA:15,0
DA:16,0
DA:17,0
DA:18,0
DA:19,0
DA:21,0
DA:22,0
DA:23,0
DA:24,0
DA:25,0
DA:26,0
DA:27,0
DA:30,0
DA:31,0
DA:32,0
DA:34,0
DA:35,0
DA:36,0
DA:42,0
DA:43,0
DA:44,0
DA:45,0
DA:46,0
DA:47,0
DA:48,0
DA:49,0
DA:52,0
DA:55,0
DA:57,0
DA:59,0
DA:60,0
DA:61,0
DA:63,0
DA:64,0
DA:65,0
DA:66,0
DA:68,0
DA:69,0
DA:71,0
DA:74,0
DA:75,0
DA:79,0
DA:80,0
DA:81,0
DA:83,0
DA:84,0
DA:89,0
DA:90,0
DA:103,0
DA:108,0
DA:109,0
DA:111,0
DA:113,0
DA:117,0
DA:118,0
DA:119,0
DA:120,0
DA:124,0
DA:125,0
DA:126,0
DA:128,0
DA:132,0
DA:160,0
DA:182,0
LF:72
LH:0
BRDA:7,0,0,0
BRDA:7,0,1,0
BRDA:8,1,0,0
BRDA:8,1,1,0
BRDA:16,2,0,0
BRDA:16,2,1,0
BRDA:21,3,0,0
BRDA:21,4,0,0
BRDA:21,5,0,0
BRDA:22,6,0,0
BRDA:22,6,1,0
BRDA:24,7,0,0
BRDA:24,7,1,0
BRDA:42,8,0,0
BRDA:42,8,1,0
BRDA:42,9,0,0
BRDA:42,9,1,0
BRDA:44,10,0,0
BRDA:44,10,1,0
BRDA:57,11,0,0
BRDA:57,11,1,0
BRDA:59,12,0,0
BRDA:59,12,1,0
BRDA:59,13,0,0
BRDA:59,13,1,0
BRDA:59,13,2,0
BRDA:61,14,0,0
BRDA:61,14,1,0
BRDA:63,15,0,0
BRDA:63,15,1,0
BRDA:74,16,0,0
BRDA:74,16,1,0
BRDA:79,17,0,0
BRDA:79,17,1,0
BRDA:119,18,0,0
BRDA:119,18,1,0
BRDA:125,19,0,0
BRDA:125,19,1,0
BRDA:136,20,0,0
BRDA:136,20,1,0
BRDA:142,21,0,0
BRDA:142,21,1,0
BRDA:144,22,0,0
BRDA:144,22,1,0
BRDA:150,23,0,0
BRDA:150,23,1,0
BRDA:170,24,0,0
BRDA:170,24,1,0
BRDA:176,25,0,0
BRDA:176,25,1,0
BRDA:188,26,0,0
BRDA:188,26,1,0
BRDA:188,26,2,0
BRDA:188,26,3,0
BRDA:188,26,4,0
BRF:55
BRH:0
end_of_record
TN:
SF:components/ResponsiveCard.js
FN:5,ResponsiveCard
FNF:1
FNH:0
FNDA:0,ResponsiveCard
DA:13,0
DA:18,0
DA:24,0
LF:3
LH:0
BRDA:7,0,0,0
BRDA:8,1,0,0
BRDA:9,2,0,0
BRDA:10,3,0,0
BRDA:13,4,0,0
BRDA:13,4,1,0
BRDA:18,5,0,0
BRDA:18,5,1,0
BRDA:18,6,0,0
BRDA:18,6,1,0
BRDA:19,7,0,0
BRDA:19,7,1,0
BRDA:29,8,0,0
BRDA:29,8,1,0
BRDA:34,9,0,0
BRDA:34,9,1,0
BRDA:42,10,0,0
BRDA:42,10,1,0
BRDA:42,10,2,0
BRDA:48,11,0,0
BRDA:48,11,1,0
BRDA:53,12,0,0
BRDA:53,12,1,0
BRF:23
BRH:0
end_of_record
TN:
SF:components/ResponsiveGrid.js
FN:3,ResponsiveGrid
FNF:1
FNH:0
FNDA:0,ResponsiveGrid
DA:16,0
DA:25,0
DA:32,0
DA:42,0
LF:4
LH:0
BRDA:5,0,0,0
BRDA:12,1,0,0
BRDA:13,2,0,0
BRDA:28,3,0,0
BRDA:28,3,1,0
BRDA:36,4,0,0
BRDA:36,4,1,0
BRDA:37,5,0,0
BRDA:37,5,1,0
BRDA:37,5,2,0
BRDA:38,6,0,0
BRDA:38,6,1,0
BRDA:38,6,2,0
BRDA:38,6,3,0
BRDA:39,7,0,0
BRDA:39,7,1,0
BRDA:39,7,2,0
BRDA:39,7,3,0
BRDA:39,7,4,0
BRF:19
BRH:0
end_of_record
TN:
SF:components/ResponsiveProductDetail.js
FN:6,ResponsiveProductDetail
FN:46,(anonymous_1)
FN:50,(anonymous_2)
FN:109,(anonymous_3)
FNF:4
FNH:0
FNDA:0,ResponsiveProductDetail
FNDA:0,(anonymous_1)
FNDA:0,(anonymous_2)
FNDA:0,(anonymous_3)
DA:7,0
DA:10,0
DA:14,0
DA:15,0
DA:18,0
DA:47,0
DA:50,0
DA:110,0
LF:8
LH:0
BRDA:10,0,0,0
BRDA:10,0,1,0
BRDA:14,1,0,0
BRDA:14,1,1,0
BRDA:14,2,0,0
BRDA:14,2,1,0
BRDA:22,3,0,0
BRDA:22,3,1,0
BRDA:44,4,0,0
BRDA:44,4,1,0
BRDA:49,5,0,0
BRDA:49,5,1,0
BRDA:63,6,0,0
BRDA:63,6,1,0
BRDA:69,7,0,0
BRDA:69,7,1,0
BRDA:76,8,0,0
BRDA:76,8,1,0
BRDA:81,9,0,0
BRDA:81,9,1,0
BRDA:95,10,0,0
BRDA:95,10,1,0
BRDA:96,11,0,0
BRDA:96,11,1,0
BRDA:105,12,0,0
BRDA:105,12,1,0
BRDA:119,13,0,0
BRDA:119,13,1,0
BRF:28
BRH:0
end_of_record
TN:
SF:components/SEOHead.js
FN:4,SEOHead
FN:125,ProductSEOHead
FN:146,CategorySEOHead
FNF:3
FNH:0
FNDA:0,SEOHead
FNDA:0,ProductSEOHead
FNDA:0,CategorySEOHead
DA:15,0
DA:17,0
DA:126,0
DA:128,0
DA:129,0
DA:130,0
DA:131,0
DA:133,0
DA:147,0
DA:148,0
DA:149,0
DA:150,0
DA:152,0
LF:13
LH:0
BRDA:5,0,0,0
BRDA:6,1,0,0
BRDA:7,2,0,0
BRDA:8,3,0,0
BRDA:9,4,0,0
BRDA:10,5,0,0
BRDA:11,6,0,0
BRDA:12,7,0,0
BRDA:13,8,0,0
BRDA:15,9,0,0
BRDA:15,9,1,0
BRDA:32,10,0,0
BRDA:32,10,1,0
BRDA:114,11,0,0
BRDA:114,11,1,0
BRDA:126,12,0,0
BRDA:126,12,1,0
BRDA:131,13,0,0
BRDA:131,13,1,0
BRDA:139,14,0,0
BRDA:139,14,1,0
BRDA:146,15,0,0
BRDA:148,16,0,0
BRDA:148,16,1,0
BRF:24
BRH:0
end_of_record
TN:
SF:components/SearchBar.js
FN:5,SearchBar
FN:10,(anonymous_1)
FN:22,(anonymous_2)
FN:26,(anonymous_3)
FN:30,(anonymous_4)
FN:36,(anonymous_5)
FN:95,(anonymous_6)
FN:96,(anonymous_7)
FN:97,(anonymous_8)
FN:98,(anonymous_9)
FN:99,(anonymous_10)
FN:100,(anonymous_11)
FN:107,(anonymous_12)
FN:108,(anonymous_13)
FN:109,(anonymous_14)
FN:110,(anonymous_15)
FN:111,(anonymous_16)
FNF:17
FNH:0
FNDA:0,SearchBar
FNDA:0,(anonymous_1)
FNDA:0,(anonymous_2)
FNDA:0,(anonymous_3)
FNDA:0,(anonymous_4)
FNDA:0,(anonymous_5)
FNDA:0,(anonymous_6)
FNDA:0,(anonymous_7)
FNDA:0,(anonymous_8)
FNDA:0,(anonymous_9)
FNDA:0,(anonymous_10)
FNDA:0,(anonymous_11)
FNDA:0,(anonymous_12)
FNDA:0,(anonymous_13)
FNDA:0,(anonymous_14)
FNDA:0,(anonymous_15)
FNDA:0,(anonymous_16)
DA:6,0
DA:7,0
DA:8,0
DA:10,0
DA:11,0
DA:12,0
DA:13,0
DA:14,0
DA:17,0
DA:22,0
DA:23,0
DA:26,0
DA:27,0
DA:30,0
DA:31,0
DA:32,0
DA:36,0
DA:37,0
DA:38,0
DA:41,0
DA:95,0
DA:96,0
DA:97,0
DA:98,0
DA:99,0
DA:100,0
DA:107,0
DA:108,0
DA:109,0
DA:110,0
DA:111,0
LF:31
LH:0
BRDA:5,0,0,0
BRDA:12,1,0,0
BRDA:12,1,1,0
BRDA:13,2,0,0
BRDA:13,2,1,0
BRDA:31,3,0,0
BRDA:31,3,1,0
BRDA:42,4,0,0
BRDA:42,4,1,0
BRDA:69,5,0,0
BRDA:69,5,1,0
BRDA:90,6,0,0
BRDA:90,6,1,0
BRF:13
BRH:0
end_of_record
TN:
SF:components/SentryTestButton.js
FN:5,(anonymous_0)
FN:9,(anonymous_1)
FN:48,(anonymous_2)
FN:55,(anonymous_3)
FN:70,(anonymous_4)
FN:72,(anonymous_5)
FN:80,(anonymous_6)
FN:136,(anonymous_7)
FNF:8
FNH:0
FNDA:0,(anonymous_0)
FNDA:0,(anonymous_1)
FNDA:0,(anonymous_2)
FNDA:0,(anonymous_3)
FNDA:0,(anonymous_4)
FNDA:0,(anonymous_5)
FNDA:0,(anonymous_6)
FNDA:0,(anonymous_7)
DA:5,0
DA:6,0
DA:9,0
DA:10,0
DA:12,0
DA:14,0
DA:15,0
DA:18,0
DA:19,0
DA:21,0
DA:22,0
DA:26,0
DA:34,0
DA:35,0
DA:38,0
DA:44,0
DA:45,0
DA:48,0
DA:49,0
DA:50,0
DA:55,0
DA:56,0
DA:57,0
DA:61,0
DA:64,0
DA:65,0
DA:70,0
DA:72,0
DA:73,0
DA:76,0
DA:80,0
DA:81,0
DA:83,0
DA:84,0
DA:85,0
DA:88,0
DA:99,0
DA:103,0
DA:137,0
LF:39
LH:0
BRDA:84,0,0,0
BRDA:84,0,1,0
BRDA:132,1,0,0
BRDA:132,1,1,0
BRF:4
BRH:0
end_of_record
TN:
SF:components/ShoppingCart.js
FN:10,CartItem
FN:14,(anonymous_1)
FN:30,(anonymous_2)
FN:59,(anonymous_3)
FN:77,(anonymous_4)
FN:87,(anonymous_5)
FN:101,(anonymous_6)
FN:136,CustomerTypeSelector
FN:147,(anonymous_8)
FN:154,(anonymous_9)
FN:168,DiscountCode
FN:173,(anonymous_11)
FN:222,(anonymous_12)
FN:242,CartSummary
FN:278,ShoppingCart
FN:282,(anonymous_15)
FN:291,(anonymous_16)
FN:305,(anonymous_17)
FN:333,(anonymous_18)
FNF:19
FNH:0
FNDA:0,CartItem
FNDA:0,(anonymous_1)
FNDA:0,(anonymous_2)
FNDA:0,(anonymous_3)
FNDA:0,(anonymous_4)
FNDA:0,(anonymous_5)
FNDA:0,(anonymous_6)
FNDA:0,CustomerTypeSelector
FNDA:0,(anonymous_8)
FNDA:0,(anonymous_9)
FNDA:0,DiscountCode
FNDA:0,(anonymous_11)
FNDA:0,(anonymous_12)
FNDA:0,CartSummary
FNDA:0,ShoppingCart
FNDA:0,(anonymous_15)
FNDA:0,(anonymous_16)
FNDA:0,(anonymous_17)
FNDA:0,(anonymous_18)
DA:11,0
DA:12,0
DA:14,0
DA:15,0
DA:17,0
DA:18,0
DA:20,0
DA:21,0
DA:23,0
DA:24,0
DA:26,0
DA:30,0
DA:31,0
DA:32,0
DA:33,0
DA:35,0
DA:37,0
DA:41,0
DA:60,0
DA:77,0
DA:88,0
DA:89,0
DA:90,0
DA:101,0
DA:137,0
DA:143,0
DA:148,0
DA:154,0
DA:169,0
DA:170,0
DA:171,0
DA:173,0
DA:174,0
DA:176,0
DA:177,0
DA:179,0
DA:181,0
DA:188,0
DA:189,0
DA:190,0
DA:191,0
DA:193,0
DA:196,0
DA:198,0
DA:202,0
DA:222,0
DA:243,0
DA:279,0
DA:280,0
DA:282,0
DA:283,0
DA:284,0
DA:285,0
DA:287,0
DA:291,0
DA:292,0
DA:293,0
DA:294,0
DA:296,0
DA:300,0
DA:302,0
DA:305,0
DA:334,0
LF:63
LH:0
BRDA:15,0,0,0
BRDA:15,0,1,0
BRDA:15,1,0,0
BRDA:15,1,1,0
BRDA:57,2,0,0
BRDA:57,2,1,0
BRDA:68,3,0,0
BRDA:68,3,1,0
BRDA:78,4,0,0
BRDA:78,4,1,0
BRDA:78,4,2,0
BRDA:88,5,0,0
BRDA:88,5,1,0
BRDA:89,6,0,0
BRDA:89,6,1,0
BRDA:96,7,0,0
BRDA:96,7,1,0
BRDA:102,8,0,0
BRDA:102,8,1,0
BRDA:102,8,2,0
BRDA:111,9,0,0
BRDA:111,9,1,0
BRDA:121,10,0,0
BRDA:121,10,1,0
BRDA:124,11,0,0
BRDA:124,11,1,0
BRDA:174,12,0,0
BRDA:174,12,1,0
BRDA:189,13,0,0
BRDA:189,13,1,0
BRDA:205,14,0,0
BRDA:205,14,1,0
BRDA:230,15,0,0
BRDA:230,15,1,0
BRDA:232,16,0,0
BRDA:232,16,1,0
BRDA:236,17,0,0
BRDA:236,17,1,0
BRDA:252,18,0,0
BRDA:252,18,1,0
BRDA:261,19,0,0
BRDA:261,19,1,0
BRDA:278,20,0,0
BRDA:300,21,0,0
BRDA:300,21,1,0
BRDA:316,22,0,0
BRDA:316,22,1,0
BRDA:364,23,0,0
BRDA:364,23,1,0
BRF:49
BRH:0
end_of_record
TN:
SF:components/StripeCheckoutButton.js
FN:6,StripeCheckoutButton
FN:18,(anonymous_1)
FN:23,(anonymous_2)
FN:31,(anonymous_3)
FN:41,(anonymous_4)
FN:56,(anonymous_5)
FN:67,(anonymous_6)
FN:111,(anonymous_7)
FN:139,(anonymous_8)
FN:182,(anonymous_9)
FNF:10
FNH:0
FNDA:0,StripeCheckoutButton
FNDA:0,(anonymous_1)
FNDA:0,(anonymous_2)
FNDA:0,(anonymous_3)
FNDA:0,(anonymous_4)
FNDA:0,(anonymous_5)
FNDA:0,(anonymous_6)
FNDA:0,(anonymous_7)
FNDA:0,(anonymous_8)
FNDA:0,(anonymous_9)
DA:7,0
DA:8,0
DA:9,0
DA:10,0
DA:16,0
DA:18,0
DA:20,0
DA:23,0
DA:24,0
DA:25,0
DA:31,0
DA:32,0
DA:33,0
DA:34,0
DA:36,0
DA:41,0
DA:44,0
DA:47,0
DA:49,0
DA:50,0
DA:52,0
DA:56,0
DA:58,0
DA:61,0
DA:64,0
DA:67,0
DA:69,0
DA:72,0
DA:73,0
DA:76,0
DA:79,0
DA:111,0
DA:139,0
DA:182,0
LF:34
LH:0
BRDA:72,0,0,0
BRDA:72,0,1,0
BRDA:81,1,0,0
BRDA:81,1,1,0
BRDA:88,2,0,0
BRDA:88,2,1,0
BRDA:160,3,0,0
BRDA:160,3,1,0
BRDA:168,4,0,0
BRDA:168,4,1,0
BRDA:171,5,0,0
BRDA:171,5,1,0
BRF:12
BRH:0
end_of_record
TN:
SF:components/StructuredData.js
FN:4,BusinessStructuredData
FN:115,ProductStructuredData
FN:179,BreadcrumbStructuredData
FN:185,(anonymous_3)
FN:204,FAQStructuredData
FN:210,(anonymous_5)
FN:231,WebsiteStructuredData
FNF:7
FNH:0
FNDA:0,BusinessStructuredData
FNDA:0,ProductStructuredData
FNDA:0,BreadcrumbStructuredData
FNDA:0,(anonymous_3)
FNDA:0,FAQStructuredData
FNDA:0,(anonymous_5)
FNDA:0,WebsiteStructuredData
DA:5,0
DA:104,0
DA:116,0
DA:118,0
DA:168,0
DA:180,0
DA:182,0
DA:185,0
DA:193,0
DA:205,0
DA:207,0
DA:210,0
DA:220,0
DA:232,0
DA:256,0
LF:15
LH:0
BRDA:116,0,0,0
BRDA:116,0,1,0
BRDA:128,1,0,0
BRDA:128,1,1,0
BRDA:139,2,0,0
BRDA:139,2,1,0
BRDA:152,3,0,0
BRDA:152,3,1,0
BRDA:159,4,0,0
BRDA:159,4,1,0
BRDA:162,5,0,0
BRDA:162,5,1,0
BRDA:180,6,0,0
BRDA:180,6,1,0
BRDA:180,7,0,0
BRDA:180,7,1,0
BRDA:205,8,0,0
BRDA:205,8,1,0
BRDA:205,9,0,0
BRDA:205,9,1,0
BRF:20
BRH:0
end_of_record
TN:
SF:components/SupabaseTest.js
FN:4,SupabaseTest
FN:9,(anonymous_1)
FN:10,testConnection
FNF:3
FNH:0
FNDA:0,SupabaseTest
FNDA:0,(anonymous_1)
FNDA:0,testConnection
DA:5,0
DA:6,0
DA:7,0
DA:9,0
DA:11,0
DA:13,0
DA:15,0
DA:16,0
DA:19,0
DA:20,0
DA:22,0
DA:23,0
DA:24,0
DA:28,0
DA:31,0
LF:15
LH:0
BRDA:15,0,0,0
BRDA:15,0,1,0
BRDA:37,1,0,0
BRDA:37,1,1,0
BRDA:37,2,0,0
BRDA:37,2,1,0
BRDA:42,3,0,0
BRDA:42,3,1,0
BRDA:49,4,0,0
BRDA:49,4,1,0
BRF:10
BRH:0
end_of_record
TN:
SF:components/Testimonials.js
FN:28,Testimonials
FN:34,(anonymous_1)
FNF:2
FNH:0
FNDA:0,Testimonials
FNDA:0,(anonymous_1)
DA:4,0
DA:29,0
DA:35,0
LF:3
LH:0
BRF:0
BRH:0
end_of_record
TN:
SF:components/WebVitals.js
FN:5,WebVitals
FN:6,(anonymous_1)
FN:11,(anonymous_2)
FN:13,(anonymous_3)
FN:27,(anonymous_4)
FN:41,(anonymous_5)
FN:53,(anonymous_6)
FN:68,(anonymous_7)
FN:77,(anonymous_8)
FN:89,getDeviceType
FN:103,getConnectionType
FN:110,trackAdditionalMetrics
FN:114,(anonymous_12)
FN:128,(anonymous_13)
FN:135,(anonymous_14)
FN:136,(anonymous_15)
FN:138,(anonymous_16)
FN:151,(anonymous_17)
FN:174,(anonymous_18)
FN:181,(anonymous_19)
FN:189,(anonymous_20)
FN:198,(anonymous_21)
FNF:22
FNH:0
FNDA:0,WebVitals
FNDA:0,(anonymous_1)
FNDA:0,(anonymous_2)
FNDA:0,(anonymous_3)
FNDA:0,(anonymous_4)
FNDA:0,(anonymous_5)
FNDA:0,(anonymous_6)
FNDA:0,(anonymous_7)
FNDA:0,(anonymous_8)
FNDA:0,getDeviceType
FNDA:0,getConnectionType
FNDA:0,trackAdditionalMetrics
FNDA:0,(anonymous_12)
FNDA:0,(anonymous_13)
FNDA:0,(anonymous_14)
FNDA:0,(anonymous_15)
FNDA:0,(anonymous_16)
FNDA:0,(anonymous_17)
FNDA:0,(anonymous_18)
FNDA:0,(anonymous_19)
FNDA:0,(anonymous_20)
FNDA:0,(anonymous_21)
DA:6,0
DA:8,0
DA:11,0
DA:13,0
DA:14,0
DA:17,0
DA:18,0
DA:27,0
DA:28,0
DA:31,0
DA:32,0
DA:41,0
DA:42,0
DA:45,0
DA:53,0
DA:54,0
DA:57,0
DA:58,0
DA:68,0
DA:69,0
DA:72,0
DA:78,0
DA:82,0
DA:85,0
DA:90,0
DA:92,0
DA:93,0
DA:94,0
DA:96,0
DA:97,0
DA:99,0
DA:104,0
DA:106,0
DA:111,0
DA:114,0
DA:115,0
DA:116,0
DA:119,0
DA:127,0
DA:128,0
DA:129,0
DA:130,0
DA:135,0
DA:136,0
DA:137,0
DA:138,0
DA:140,0
DA:141,0
DA:150,0
DA:151,0
DA:152,0
DA:153,0
DA:154,0
DA:156,0
DA:157,0
DA:160,0
DA:161,0
DA:162,0
DA:163,0
DA:164,0
DA:165,0
DA:166,0
DA:167,0
DA:174,0
DA:175,0
DA:176,0
DA:180,0
DA:181,0
DA:182,0
DA:183,0
DA:188,0
DA:190,0
DA:191,0
DA:199,0
DA:200,0
LF:75
LH:0
BRDA:8,0,0,0
BRDA:8,0,1,0
BRDA:17,1,0,0
BRDA:17,1,1,0
BRDA:31,2,0,0
BRDA:31,2,1,0
BRDA:57,3,0,0
BRDA:57,3,1,0
BRDA:90,4,0,0
BRDA:90,4,1,0
BRDA:93,5,0,0
BRDA:93,5,1,0
BRDA:96,6,0,0
BRDA:96,6,1,0
BRDA:104,7,0,0
BRDA:104,7,1,0
BRDA:104,8,0,0
BRDA:104,8,1,0
BRDA:106,9,0,0
BRDA:106,9,1,0
BRDA:111,10,0,0
BRDA:111,10,1,0
BRDA:127,11,0,0
BRDA:127,11,1,0
BRDA:140,12,0,0
BRDA:140,12,1,0
BRDA:152,13,0,0
BRDA:152,13,1,0
BRDA:156,14,0,0
BRDA:156,14,1,0
BRDA:160,15,0,0
BRDA:160,15,1,0
BRDA:160,16,0,0
BRDA:160,16,1,0
BRDA:160,16,2,0
BRDA:162,17,0,0
BRDA:162,17,1,0
BRDA:162,18,0,0
BRDA:162,18,1,0
BRDA:162,18,2,0
BRDA:164,19,0,0
BRDA:164,19,1,0
BRDA:164,20,0,0
BRDA:164,20,1,0
BRDA:164,20,2,0
BRDA:166,21,0,0
BRDA:166,21,1,0
BRDA:166,22,0,0
BRDA:166,22,1,0
BRDA:175,23,0,0
BRDA:175,23,1,0
BRDA:189,24,0,0
BRDA:198,25,0,0
BRF:53
BRH:0
end_of_record
TN:
SF:components/WhatsAppButton.js
FN:4,WhatsAppButton
FN:17,(anonymous_1)
FN:23,(anonymous_2)
FNF:3
FNH:0
FNDA:0,WhatsAppButton
FNDA:0,(anonymous_1)
FNDA:0,(anonymous_2)
DA:5,0
DA:6,0
DA:7,0
DA:8,0
DA:9,0
DA:10,0
DA:11,0
DA:14,0
DA:17,0
DA:18,0
DA:19,0
DA:23,0
DA:24,0
DA:27,0
LF:14
LH:0
BRDA:14,0,0,0
BRDA:14,0,1,0
BRDA:18,1,0,0
BRDA:18,1,1,0
BRDA:81,2,0,0
BRDA:81,2,1,0
BRF:6
BRH:0
end_of_record
TN:
SF:components/Accessibility/AccessibilityMenu.js
FN:5,(anonymous_0)
FN:15,(anonymous_1)
FN:25,(anonymous_2)
FN:53,(anonymous_3)
FN:58,(anonymous_4)
FN:63,(anonymous_5)
FN:68,(anonymous_6)
FN:73,(anonymous_7)
FN:126,(anonymous_8)
FN:133,(anonymous_9)
FN:140,(anonymous_10)
FN:147,(anonymous_11)
FN:160,(anonymous_12)
FN:167,(anonymous_13)
FN:182,(anonymous_14)
FN:190,(anonymous_15)
FNF:16
FNH:0
FNDA:0,(anonymous_0)
FNDA:0,(anonymous_1)
FNDA:0,(anonymous_2)
FNDA:0,(anonymous_3)
FNDA:0,(anonymous_4)
FNDA:0,(anonymous_5)
FNDA:0,(anonymous_6)
FNDA:0,(anonymous_7)
FNDA:0,(anonymous_8)
FNDA:0,(anonymous_9)
FNDA:0,(anonymous_10)
FNDA:0,(anonymous_11)
FNDA:0,(anonymous_12)
FNDA:0,(anonymous_13)
FNDA:0,(anonymous_14)
FNDA:0,(anonymous_15)
DA:5,0
DA:6,0
DA:7,0
DA:15,0
DA:16,0
DA:17,0
DA:18,0
DA:19,0
DA:25,0
DA:26,0
DA:29,0
DA:32,0
DA:35,0
DA:36,0
DA:38,0
DA:42,0
DA:43,0
DA:45,0
DA:49,0
DA:53,0
DA:54,0
DA:58,0
DA:59,0
DA:63,0
DA:64,0
DA:68,0
DA:69,0
DA:73,0
DA:74,0
DA:81,0
DA:84,0
DA:126,0
DA:133,0
DA:140,0
DA:147,0
DA:160,0
DA:167,0
DA:182,0
DA:190,0
LF:39
LH:0
BRDA:16,0,0,0
BRDA:16,0,1,0
BRDA:18,1,0,0
BRDA:18,1,1,0
BRDA:26,2,0,0
BRDA:26,2,1,0
BRDA:35,3,0,0
BRDA:35,3,1,0
BRDA:42,4,0,0
BRDA:42,4,1,0
BRDA:100,5,0,0
BRDA:100,5,1,0
BRDA:125,6,0,0
BRDA:125,6,1,0
BRDA:132,7,0,0
BRDA:132,7,1,0
BRDA:139,8,0,0
BRDA:139,8,1,0
BRDA:146,9,0,0
BRDA:146,9,1,0
BRDA:159,10,0,0
BRDA:159,10,1,0
BRDA:166,11,0,0
BRDA:166,11,1,0
BRF:24
BRH:0
end_of_record
TN:
SF:components/Accessibility/KeyboardShortcuts.js
FN:6,(anonymous_0)
FN:22,(anonymous_1)
FN:23,(anonymous_2)
FN:36,(anonymous_3)
FN:78,(anonymous_4)
FN:87,(anonymous_5)
FN:90,(anonymous_6)
FN:98,(anonymous_7)
FN:109,(anonymous_8)
FNF:9
FNH:0
FNDA:0,(anonymous_0)
FNDA:0,(anonymous_1)
FNDA:0,(anonymous_2)
FNDA:0,(anonymous_3)
FNDA:0,(anonymous_4)
FNDA:0,(anonymous_5)
FNDA:0,(anonymous_6)
FNDA:0,(anonymous_7)
FNDA:0,(anonymous_8)
DA:6,0
DA:7,0
DA:8,0
DA:11,0
DA:22,0
DA:23,0
DA:25,0
DA:26,0
DA:30,0
DA:33,0
DA:36,0
DA:37,0
DA:40,0
DA:41,0
DA:44,0
DA:45,0
DA:48,0
DA:49,0
DA:52,0
DA:53,0
DA:56,0
DA:57,0
DA:58,0
DA:59,0
DA:61,0
DA:64,0
DA:65,0
DA:67,0
DA:70,0
DA:75,0
DA:78,0
DA:79,0
DA:84,0
DA:86,0
DA:87,0
DA:90,0
DA:98,0
DA:110,0
LF:38
LH:0
BRDA:26,0,0,0
BRDA:26,0,1,0
BRDA:26,0,2,0
BRDA:30,1,0,0
BRDA:30,1,1,0
BRDA:33,2,0,0
BRDA:33,2,1,0
BRDA:33,2,2,0
BRDA:33,2,3,0
BRDA:33,2,4,0
BRDA:33,2,5,0
BRDA:33,2,6,0
BRDA:33,2,7,0
BRDA:57,3,0,0
BRDA:57,3,1,0
BRDA:64,4,0,0
BRDA:64,4,1,0
BRDA:84,5,0,0
BRDA:84,5,1,0
BRF:19
BRH:0
end_of_record
TN:
SF:components/Accessibility/SkipNavigation.js
FN:5,(anonymous_0)
FN:11,(anonymous_1)
FN:12,(anonymous_2)
FN:17,(anonymous_3)
FN:45,(anonymous_4)
FNF:5
FNH:0
FNDA:0,(anonymous_0)
FNDA:0,(anonymous_1)
FNDA:0,(anonymous_2)
FNDA:0,(anonymous_3)
FNDA:0,(anonymous_4)
DA:5,0
DA:6,0
DA:8,0
DA:11,0
DA:12,0
DA:19,0
DA:22,0
DA:25,0
DA:26,0
DA:27,0
DA:28,0
DA:47,0
DA:50,0
DA:53,0
DA:54,0
LF:15
LH:0
BRDA:10,0,0,0
BRDA:10,0,1,0
BRDA:25,1,0,0
BRDA:25,1,1,0
BRDA:53,2,0,0
BRDA:53,2,1,0
BRF:6
BRH:0
end_of_record
TN:
SF:components/Account/AccountOverview.js
FN:5,(anonymous_0)
FN:37,(anonymous_1)
FN:82,(anonymous_2)
FNF:3
FNH:0
FNDA:0,(anonymous_0)
FNDA:0,(anonymous_1)
FNDA:0,(anonymous_2)
DA:5,0
DA:7,0
DA:37,0
DA:38,0
DA:39,0
DA:46,0
DA:83,0
LF:7
LH:0
BRDA:85,0,0,0
BRDA:85,0,1,0
BRDA:93,1,0,0
BRDA:93,1,1,0
BRDA:99,2,0,0
BRDA:99,2,1,0
BRF:6
BRH:0
end_of_record
TN:
SF:components/Account/AccountPreferences.js
FN:7,(anonymous_0)
FN:33,(anonymous_1)
FN:34,(anonymous_2)
FN:43,(anonymous_3)
FN:54,(anonymous_4)
FN:71,(anonymous_5)
FN:83,(anonymous_6)
FN:88,(anonymous_7)
FN:100,(anonymous_8)
FN:112,(anonymous_9)
FN:152,(anonymous_10)
FNF:11
FNH:0
FNDA:0,(anonymous_0)
FNDA:0,(anonymous_1)
FNDA:0,(anonymous_2)
FNDA:0,(anonymous_3)
FNDA:0,(anonymous_4)
FNDA:0,(anonymous_5)
FNDA:0,(anonymous_6)
FNDA:0,(anonymous_7)
FNDA:0,(anonymous_8)
FNDA:0,(anonymous_9)
FNDA:0,(anonymous_10)
DA:7,0
DA:8,0
DA:10,0
DA:28,0
DA:29,0
DA:30,0
DA:33,0
DA:34,0
DA:43,0
DA:44,0
DA:45,0
DA:54,0
DA:55,0
DA:58,0
DA:59,0
DA:62,0
DA:71,0
DA:72,0
DA:73,0
DA:83,0
DA:84,0
DA:88,0
DA:89,0
DA:90,0
DA:91,0
DA:92,0
DA:93,0
DA:95,0
DA:100,0
DA:101,0
DA:103,0
DA:104,0
DA:105,0
DA:108,0
DA:112,0
DA:115,0
DA:116,0
DA:117,0
DA:124,0
DA:125,0
DA:132,0
DA:133,0
DA:140,0
DA:141,0
DA:149,0
DA:152,0
DA:153,0
DA:156,0
DA:157,0
DA:159,0
DA:163,0
LF:51
LH:0
BRDA:58,0,0,0
BRDA:58,0,1,0
BRDA:90,1,0,0
BRDA:90,1,1,0
BRDA:115,2,0,0
BRDA:115,2,1,0
BRDA:116,3,0,0
BRDA:116,3,1,0
BRDA:124,4,0,0
BRDA:124,4,1,0
BRDA:132,5,0,0
BRDA:132,5,1,0
BRDA:140,6,0,0
BRDA:140,6,1,0
BRDA:235,7,0,0
BRDA:235,7,1,0
BRDA:236,8,0,0
BRDA:236,8,1,0
BRDA:345,9,0,0
BRDA:345,9,1,0
BRDA:348,10,0,0
BRDA:348,10,1,0
BRDA:354,11,0,0
BRDA:354,11,1,0
BRF:24
BRH:0
end_of_record
TN:
SF:components/Account/AccountSidebar.js
FN:6,(anonymous_0)
FN:19,(anonymous_1)
FN:32,(anonymous_2)
FN:44,(anonymous_3)
FN:55,(anonymous_4)
FN:65,(anonymous_5)
FN:83,(anonymous_6)
FN:94,(anonymous_7)
FN:109,(anonymous_8)
FNF:9
FNH:0
FNDA:0,(anonymous_0)
FNDA:0,(anonymous_1)
FNDA:0,(anonymous_2)
FNDA:0,(anonymous_3)
FNDA:0,(anonymous_4)
FNDA:0,(anonymous_5)
FNDA:0,(anonymous_6)
FNDA:0,(anonymous_7)
FNDA:0,(anonymous_8)
DA:6,0
DA:7,0
DA:10,0
DA:14,0
DA:19,0
DA:32,0
DA:44,0
DA:55,0
DA:65,0
DA:83,0
DA:94,0
DA:109,0
LF:12
LH:0
BRDA:10,0,0,0
BRDA:10,0,1,0
BRDA:10,0,2,0
BRDA:18,1,0,0
BRDA:18,1,1,0
BRDA:31,2,0,0
BRDA:31,2,1,0
BRDA:43,3,0,0
BRDA:43,3,1,0
BRDA:54,4,0,0
BRDA:54,4,1,0
BRDA:64,5,0,0
BRDA:64,5,1,0
BRDA:75,6,0,0
BRDA:75,6,1,0
BRDA:82,7,0,0
BRDA:82,7,1,0
BRDA:93,8,0,0
BRDA:93,8,1,0
BRF:19
BRH:0
end_of_record
TN:
SF:components/Account/CurrencyConverter.js
FN:4,(anonymous_0)
FN:42,(anonymous_1)
FN:49,(anonymous_2)
FN:65,(anonymous_3)
FN:69,(anonymous_4)
FN:73,(anonymous_5)
FN:77,(anonymous_6)
FN:112,(anonymous_7)
FN:123,(anonymous_8)
FN:141,(anonymous_9)
FNF:10
FNH:0
FNDA:0,(anonymous_0)
FNDA:0,(anonymous_1)
FNDA:0,(anonymous_2)
FNDA:0,(anonymous_3)
FNDA:0,(anonymous_4)
FNDA:0,(anonymous_5)
FNDA:0,(anonymous_6)
FNDA:0,(anonymous_7)
FNDA:0,(anonymous_8)
FNDA:0,(anonymous_9)
DA:4,0
DA:5,0
DA:6,0
DA:7,0
DA:8,0
DA:9,0
DA:10,0
DA:11,0
DA:14,0
DA:42,0
DA:43,0
DA:45,0
DA:46,0
DA:49,0
DA:50,0
DA:54,0
DA:55,0
DA:56,0
DA:57,0
DA:59,0
DA:61,0
DA:65,0
DA:66,0
DA:69,0
DA:70,0
DA:73,0
DA:74,0
DA:77,0
DA:78,0
DA:79,0
DA:81,0
DA:82,0
DA:85,0
DA:113,0
DA:124,0
DA:125,0
DA:126,0
DA:142,0
LF:38
LH:0
BRDA:155,0,0,0
BRDA:155,0,1,0
BRF:2
BRH:0
end_of_record
TN:
SF:components/Account/OrderHistory.js
FN:7,(anonymous_0)
FN:12,(anonymous_1)
FN:14,(anonymous_2)
FN:19,(anonymous_3)
FN:104,(anonymous_4)
FN:114,(anonymous_5)
FN:144,(anonymous_6)
FN:174,(anonymous_7)
FN:188,(anonymous_8)
FNF:9
FNH:0
FNDA:0,(anonymous_0)
FNDA:0,(anonymous_1)
FNDA:0,(anonymous_2)
FNDA:0,(anonymous_3)
FNDA:0,(anonymous_4)
FNDA:0,(anonymous_5)
FNDA:0,(anonymous_6)
FNDA:0,(anonymous_7)
FNDA:0,(anonymous_8)
DA:7,0
DA:8,0
DA:9,0
DA:10,0
DA:12,0
DA:14,0
DA:15,0
DA:16,0
DA:19,0
DA:22,0
DA:91,0
DA:93,0
DA:94,0
DA:96,0
DA:100,0
DA:104,0
DA:105,0
DA:106,0
DA:114,0
DA:115,0
DA:117,0
DA:119,0
DA:121,0
DA:123,0
DA:125,0
DA:127,0
DA:131,0
DA:132,0
DA:140,0
DA:141,0
DA:144,0
DA:151,0
DA:152,0
DA:168,0
DA:175,0
DA:189,0
LF:36
LH:0
BRDA:115,0,0,0
BRDA:115,0,1,0
BRDA:115,0,2,0
BRDA:115,0,3,0
BRDA:115,0,4,0
BRDA:115,0,5,0
BRDA:131,1,0,0
BRDA:131,1,1,0
BRDA:140,2,0,0
BRDA:140,2,1,0
BRDA:151,3,0,0
BRDA:151,3,1,0
BRDA:191,4,0,0
BRDA:191,4,1,0
BRDA:215,5,0,0
BRDA:215,5,1,0
BRDA:215,5,2,0
BRF:17
BRH:0
end_of_record
TN:
SF:components/Account/SavedAddresses.js
FN:5,(anonymous_0)
FN:12,(anonymous_1)
FN:14,(anonymous_2)
FN:19,(anonymous_3)
FN:65,(anonymous_4)
FN:70,(anonymous_5)
FN:75,(anonymous_6)
FN:77,(anonymous_7)
FN:80,(anonymous_8)
FN:82,(anonymous_9)
FN:88,(anonymous_10)
FN:92,(anonymous_11)
FN:104,(anonymous_12)
FN:122,(anonymous_13)
FN:143,(anonymous_14)
FN:166,(anonymous_15)
FN:175,(anonymous_16)
FN:182,(anonymous_17)
FN:210,(anonymous_18)
FN:225,(anonymous_19)
FN:233,(anonymous_20)
FNF:21
FNH:0
FNDA:0,(anonymous_0)
FNDA:0,(anonymous_1)
FNDA:0,(anonymous_2)
FNDA:0,(anonymous_3)
FNDA:0,(anonymous_4)
FNDA:0,(anonymous_5)
FNDA:0,(anonymous_6)
FNDA:0,(anonymous_7)
FNDA:0,(anonymous_8)
FNDA:0,(anonymous_9)
FNDA:0,(anonymous_10)
FNDA:0,(anonymous_11)
FNDA:0,(anonymous_12)
FNDA:0,(anonymous_13)
FNDA:0,(anonymous_14)
FNDA:0,(anonymous_15)
FNDA:0,(anonymous_16)
FNDA:0,(anonymous_17)
FNDA:0,(anonymous_18)
FNDA:0,(anonymous_19)
FNDA:0,(anonymous_20)
DA:5,0
DA:6,0
DA:7,0
DA:8,0
DA:9,0
DA:10,0
DA:12,0
DA:14,0
DA:15,0
DA:16,0
DA:19,0
DA:22,0
DA:53,0
DA:55,0
DA:56,0
DA:58,0
DA:62,0
DA:65,0
DA:66,0
DA:67,0
DA:70,0
DA:71,0
DA:72,0
DA:75,0
DA:77,0
DA:80,0
DA:82,0
DA:88,0
DA:90,0
DA:92,0
DA:93,0
DA:97,0
DA:100,0
DA:101,0
DA:104,0
DA:105,0
DA:106,0
DA:109,0
DA:110,0
DA:118,0
DA:119,0
DA:122,0
DA:129,0
DA:144,0
DA:166,0
DA:175,0
DA:182,0
DA:210,0
DA:211,0
DA:225,0
DA:226,0
DA:227,0
DA:233,0
DA:234,0
DA:235,0
DA:238,0
LF:56
LH:0
BRDA:90,0,0,0
BRDA:90,0,1,0
BRDA:93,1,0,0
BRDA:93,1,1,0
BRDA:109,2,0,0
BRDA:109,2,1,0
BRDA:118,3,0,0
BRDA:118,3,1,0
BRDA:134,4,0,0
BRDA:134,4,1,0
BRDA:146,5,0,0
BRDA:146,5,1,0
BRDA:148,6,0,0
BRDA:148,6,1,0
BRDA:157,7,0,0
BRDA:157,7,1,0
BRDA:171,8,0,0
BRDA:171,8,1,0
BRDA:212,9,0,0
BRDA:212,9,1,0
BRDA:213,10,0,0
BRDA:213,10,1,0
BRDA:214,11,0,0
BRDA:214,11,1,0
BRDA:215,12,0,0
BRDA:215,12,1,0
BRDA:216,13,0,0
BRDA:216,13,1,0
BRDA:217,14,0,0
BRDA:217,14,1,0
BRDA:218,15,0,0
BRDA:218,15,1,0
BRDA:219,16,0,0
BRDA:219,16,1,0
BRDA:220,17,0,0
BRDA:220,17,1,0
BRDA:221,18,0,0
BRDA:221,18,1,0
BRDA:222,19,0,0
BRDA:222,19,1,0
BRDA:229,20,0,0
BRDA:229,20,1,0
BRDA:240,21,0,0
BRDA:240,21,1,0
BRF:44
BRH:0
end_of_record
TN:
SF:components/Account/WishlistItems.js
FN:8,(anonymous_0)
FN:13,(anonymous_1)
FN:15,(anonymous_2)
FN:20,(anonymous_3)
FN:82,(anonymous_4)
FN:84,(anonymous_5)
FN:87,(anonymous_6)
FN:105,(anonymous_7)
FN:147,(anonymous_8)
FN:158,(anonymous_9)
FN:193,(anonymous_10)
FNF:11
FNH:0
FNDA:0,(anonymous_0)
FNDA:0,(anonymous_1)
FNDA:0,(anonymous_2)
FNDA:0,(anonymous_3)
FNDA:0,(anonymous_4)
FNDA:0,(anonymous_5)
FNDA:0,(anonymous_6)
FNDA:0,(anonymous_7)
FNDA:0,(anonymous_8)
FNDA:0,(anonymous_9)
FNDA:0,(anonymous_10)
DA:8,0
DA:9,0
DA:10,0
DA:11,0
DA:13,0
DA:15,0
DA:16,0
DA:17,0
DA:20,0
DA:23,0
DA:70,0
DA:72,0
DA:73,0
DA:75,0
DA:79,0
DA:82,0
DA:84,0
DA:87,0
DA:89,0
DA:92,0
DA:93,0
DA:101,0
DA:102,0
DA:105,0
DA:112,0
DA:113,0
DA:127,0
DA:148,0
DA:158,0
DA:193,0
LF:30
LH:0
BRDA:92,0,0,0
BRDA:92,0,1,0
BRDA:101,1,0,0
BRDA:101,1,1,0
BRDA:112,2,0,0
BRDA:112,2,1,0
BRDA:138,3,0,0
BRDA:138,3,1,0
BRDA:151,4,0,0
BRDA:151,4,1,0
BRDA:178,5,0,0
BRDA:178,5,1,0
BRF:12
BRH:0
end_of_record
TN:
SF:components/AddToCart/index.js
FN:6,(anonymous_0)
FN:12,(anonymous_1)
FN:40,(anonymous_2)
FN:51,(anonymous_3)
FNF:4
FNH:0
FNDA:0,(anonymous_0)
FNDA:0,(anonymous_1)
FNDA:0,(anonymous_2)
FNDA:0,(anonymous_3)
DA:6,0
DA:7,0
DA:8,0
DA:9,0
DA:10,0
DA:12,0
DA:13,0
DA:14,0
DA:15,0
DA:16,0
DA:19,0
DA:30,0
DA:32,0
DA:33,0
DA:37,0
DA:40,0
DA:41,0
DA:44,0
DA:45,0
DA:47,0
DA:51,0
DA:52,0
DA:55,0
LF:23
LH:0
BRDA:6,0,0,0
BRDA:32,1,0,0
BRDA:32,1,1,0
BRDA:33,2,0,0
BRDA:33,2,1,0
BRDA:58,3,0,0
BRDA:58,3,1,0
BRDA:60,4,0,0
BRDA:60,4,1,0
BRDA:62,5,0,0
BRDA:62,5,1,0
BRDA:67,6,0,0
BRDA:67,6,1,0
BRDA:84,7,0,0
BRDA:84,7,1,0
BRDA:89,8,0,0
BRDA:89,8,1,0
BRDA:90,9,0,0
BRDA:90,9,1,0
BRF:19
BRH:0
end_of_record
TN:
SF:components/Admin/AdminIntegrations.js
FN:4,(anonymous_0)
FN:62,(anonymous_1)
FN:66,(anonymous_2)
FN:72,(anonymous_3)
FN:78,(anonymous_4)
FN:82,(anonymous_5)
FN:88,(anonymous_6)
FN:94,(anonymous_7)
FN:98,(anonymous_8)
FN:104,(anonymous_9)
FN:110,(anonymous_10)
FN:114,(anonymous_11)
FN:120,(anonymous_12)
FN:127,(anonymous_13)
FN:131,(anonymous_14)
FN:137,(anonymous_15)
FN:143,(anonymous_16)
FN:147,(anonymous_17)
FN:153,(anonymous_18)
FN:160,(anonymous_19)
FN:164,(anonymous_20)
FN:170,(anonymous_21)
FN:176,(anonymous_22)
FN:180,(anonymous_23)
FN:186,(anonymous_24)
FN:193,(anonymous_25)
FN:197,(anonymous_26)
FN:203,(anonymous_27)
FN:209,(anonymous_28)
FN:213,(anonymous_29)
FN:219,(anonymous_30)
FN:225,(anonymous_31)
FN:229,(anonymous_32)
FN:235,(anonymous_33)
FN:241,(anonymous_34)
FN:245,(anonymous_35)
FN:251,(anonymous_36)
FN:257,(anonymous_37)
FN:261,(anonymous_38)
FN:267,(anonymous_39)
FN:273,(anonymous_40)
FN:277,(anonymous_41)
FN:283,(anonymous_42)
FN:290,(anonymous_43)
FN:291,(anonymous_44)
FN:292,(anonymous_45)
FN:298,(anonymous_46)
FN:299,(anonymous_47)
FN:300,(anonymous_48)
FN:306,(anonymous_49)
FN:307,(anonymous_50)
FN:308,(anonymous_51)
FN:314,(anonymous_52)
FN:315,(anonymous_53)
FN:316,(anonymous_54)
FN:322,(anonymous_55)
FN:323,(anonymous_56)
FN:324,(anonymous_57)
FN:330,(anonymous_58)
FN:331,(anonymous_59)
FN:332,(anonymous_60)
FN:396,(anonymous_61)
FN:399,(anonymous_62)
FN:412,(anonymous_63)
FN:422,(anonymous_64)
FN:482,(anonymous_65)
FN:485,(anonymous_66)
FN:498,(anonymous_67)
FN:508,(anonymous_68)
FNF:69
FNH:0
FNDA:0,(anonymous_0)
FNDA:0,(anonymous_1)
FNDA:0,(anonymous_2)
FNDA:0,(anonymous_3)
FNDA:0,(anonymous_4)
FNDA:0,(anonymous_5)
FNDA:0,(anonymous_6)
FNDA:0,(anonymous_7)
FNDA:0,(anonymous_8)
FNDA:0,(anonymous_9)
FNDA:0,(anonymous_10)
FNDA:0,(anonymous_11)
FNDA:0,(anonymous_12)
FNDA:0,(anonymous_13)
FNDA:0,(anonymous_14)
FNDA:0,(anonymous_15)
FNDA:0,(anonymous_16)
FNDA:0,(anonymous_17)
FNDA:0,(anonymous_18)
FNDA:0,(anonymous_19)
FNDA:0,(anonymous_20)
FNDA:0,(anonymous_21)
FNDA:0,(anonymous_22)
FNDA:0,(anonymous_23)
FNDA:0,(anonymous_24)
FNDA:0,(anonymous_25)
FNDA:0,(anonymous_26)
FNDA:0,(anonymous_27)
FNDA:0,(anonymous_28)
FNDA:0,(anonymous_29)
FNDA:0,(anonymous_30)
FNDA:0,(anonymous_31)
FNDA:0,(anonymous_32)
FNDA:0,(anonymous_33)
FNDA:0,(anonymous_34)
FNDA:0,(anonymous_35)
FNDA:0,(anonymous_36)
FNDA:0,(anonymous_37)
FNDA:0,(anonymous_38)
FNDA:0,(anonymous_39)
FNDA:0,(anonymous_40)
FNDA:0,(anonymous_41)
FNDA:0,(anonymous_42)
FNDA:0,(anonymous_43)
FNDA:0,(anonymous_44)
FNDA:0,(anonymous_45)
FNDA:0,(anonymous_46)
FNDA:0,(anonymous_47)
FNDA:0,(anonymous_48)
FNDA:0,(anonymous_49)
FNDA:0,(anonymous_50)
FNDA:0,(anonymous_51)
FNDA:0,(anonymous_52)
FNDA:0,(anonymous_53)
FNDA:0,(anonymous_54)
FNDA:0,(anonymous_55)
FNDA:0,(anonymous_56)
FNDA:0,(anonymous_57)
FNDA:0,(anonymous_58)
FNDA:0,(anonymous_59)
FNDA:0,(anonymous_60)
FNDA:0,(anonymous_61)
FNDA:0,(anonymous_62)
FNDA:0,(anonymous_63)
FNDA:0,(anonymous_64)
FNDA:0,(anonymous_65)
FNDA:0,(anonymous_66)
FNDA:0,(anonymous_67)
FNDA:0,(anonymous_68)
DA:4,0
DA:6,0
DA:7,0
DA:8,0
DA:15,0
DA:16,0
DA:17,0
DA:24,0
DA:25,0
DA:26,0
DA:27,0
DA:35,0
DA:36,0
DA:37,0
DA:43,0
DA:44,0
DA:45,0
DA:47,0
DA:52,0
DA:57,0
DA:58,0
DA:59,0
DA:60,0
DA:62,0
DA:63,0
DA:66,0
DA:67,0
DA:68,0
DA:69,0
DA:72,0
DA:73,0
DA:78,0
DA:79,0
DA:82,0
DA:83,0
DA:84,0
DA:85,0
DA:88,0
DA:89,0
DA:94,0
DA:95,0
DA:98,0
DA:99,0
DA:100,0
DA:101,0
DA:104,0
DA:105,0
DA:110,0
DA:111,0
DA:114,0
DA:115,0
DA:116,0
DA:117,0
DA:120,0
DA:121,0
DA:127,0
DA:128,0
DA:131,0
DA:132,0
DA:133,0
DA:134,0
DA:137,0
DA:138,0
DA:143,0
DA:144,0
DA:147,0
DA:148,0
DA:149,0
DA:150,0
DA:153,0
DA:154,0
DA:160,0
DA:161,0
DA:164,0
DA:165,0
DA:166,0
DA:167,0
DA:170,0
DA:171,0
DA:176,0
DA:177,0
DA:180,0
DA:181,0
DA:182,0
DA:183,0
DA:186,0
DA:187,0
DA:193,0
DA:194,0
DA:197,0
DA:198,0
DA:199,0
DA:200,0
DA:203,0
DA:204,0
DA:209,0
DA:210,0
DA:213,0
DA:214,0
DA:215,0
DA:216,0
DA:219,0
DA:220,0
DA:225,0
DA:226,0
DA:229,0
DA:230,0
DA:231,0
DA:232,0
DA:235,0
DA:236,0
DA:241,0
DA:242,0
DA:245,0
DA:246,0
DA:247,0
DA:248,0
DA:251,0
DA:252,0
DA:257,0
DA:258,0
DA:261,0
DA:262,0
DA:263,0
DA:264,0
DA:267,0
DA:268,0
DA:273,0
DA:274,0
DA:277,0
DA:278,0
DA:279,0
DA:280,0
DA:283,0
DA:284,0
DA:290,0
DA:291,0
DA:292,0
DA:293,0
DA:298,0
DA:299,0
DA:300,0
DA:301,0
DA:306,0
DA:307,0
DA:308,0
DA:309,0
DA:314,0
DA:315,0
DA:316,0
DA:317,0
DA:322,0
DA:323,0
DA:324,0
DA:325,0
DA:330,0
DA:331,0
DA:332,0
DA:333,0
DA:338,0
DA:397,0
DA:398,0
DA:399,0
DA:413,0
DA:422,0
DA:483,0
DA:484,0
DA:485,0
DA:499,0
DA:508,0
LF:170
LH:0
BRDA:293,0,0,0
BRDA:293,0,1,0
BRDA:301,1,0,0
BRDA:301,1,1,0
BRDA:309,2,0,0
BRDA:309,2,1,0
BRDA:317,3,0,0
BRDA:317,3,1,0
BRDA:325,4,0,0
BRDA:325,4,1,0
BRDA:333,5,0,0
BRDA:333,5,1,0
BRDA:345,6,0,0
BRDA:345,6,1,0
BRDA:355,7,0,0
BRDA:355,7,1,0
BRDA:377,8,0,0
BRDA:377,8,1,0
BRDA:378,9,0,0
BRDA:378,9,1,0
BRDA:384,10,0,0
BRDA:384,10,1,0
BRDA:435,11,0,0
BRDA:435,11,1,0
BRDA:446,12,0,0
BRDA:446,12,1,0
BRDA:463,13,0,0
BRDA:463,13,1,0
BRDA:464,14,0,0
BRDA:464,14,1,0
BRDA:470,15,0,0
BRDA:470,15,1,0
BRDA:521,16,0,0
BRDA:521,16,1,0
BRDA:532,17,0,0
BRDA:532,17,1,0
BRF:36
BRH:0
end_of_record
TN:
SF:components/Admin/InventoryImport.js
FN:5,(anonymous_0)
FN:24,(anonymous_1)
FN:32,(anonymous_2)
FN:41,(anonymous_3)
FN:45,(anonymous_4)
FN:46,(anonymous_5)
FN:57,(anonymous_6)
FN:64,(anonymous_7)
FN:77,(anonymous_8)
FN:78,(anonymous_9)
FN:114,(anonymous_10)
FN:128,(anonymous_11)
FN:170,(anonymous_12)
FN:189,(anonymous_13)
FN:212,(anonymous_14)
FN:261,(anonymous_15)
FN:266,(anonymous_16)
FN:289,(anonymous_17)
FN:290,(anonymous_18)
FN:302,(anonymous_19)
FN:305,(anonymous_20)
FNF:21
FNH:0
FNDA:0,(anonymous_0)
FNDA:0,(anonymous_1)
FNDA:0,(anonymous_2)
FNDA:0,(anonymous_3)
FNDA:0,(anonymous_4)
FNDA:0,(anonymous_5)
FNDA:0,(anonymous_6)
FNDA:0,(anonymous_7)
FNDA:0,(anonymous_8)
FNDA:0,(anonymous_9)
FNDA:0,(anonymous_10)
FNDA:0,(anonymous_11)
FNDA:0,(anonymous_12)
FNDA:0,(anonymous_13)
FNDA:0,(anonymous_14)
FNDA:0,(anonymous_15)
FNDA:0,(anonymous_16)
FNDA:0,(anonymous_17)
FNDA:0,(anonymous_18)
FNDA:0,(anonymous_19)
FNDA:0,(anonymous_20)
DA:5,0
DA:6,0
DA:7,0
DA:8,0
DA:9,0
DA:10,0
DA:11,0
DA:21,0
DA:22,0
DA:24,0
DA:25,0
DA:26,0
DA:27,0
DA:30,0
DA:31,0
DA:32,0
DA:33,0
DA:34,0
DA:35,0
DA:37,0
DA:41,0
DA:42,0
DA:43,0
DA:45,0
DA:46,0
DA:48,0
DA:54,0
DA:57,0
DA:58,0
DA:64,0
DA:65,0
DA:67,0
DA:68,0
DA:70,0
DA:71,0
DA:72,0
DA:73,0
DA:75,0
DA:77,0
DA:78,0
DA:79,0
DA:80,0
DA:81,0
DA:82,0
DA:84,0
DA:88,0
DA:93,0
DA:94,0
DA:96,0
DA:97,0
DA:100,0
DA:101,0
DA:102,0
DA:104,0
DA:105,0
DA:110,0
DA:114,0
DA:115,0
DA:116,0
DA:117,0
DA:118,0
DA:119,0
DA:121,0
DA:122,0
DA:123,0
DA:124,0
DA:128,0
DA:129,0
DA:130,0
DA:134,0
DA:170,0
DA:189,0
DA:212,0
DA:262,0
DA:267,0
DA:290,0
DA:291,0
DA:293,0
DA:302,0
DA:306,0
LF:80
LH:0
BRDA:30,0,0,0
BRDA:30,0,1,0
BRDA:30,1,0,0
BRDA:30,1,1,0
BRDA:43,2,0,0
BRDA:43,2,1,0
BRDA:65,3,0,0
BRDA:65,3,1,0
BRDA:80,4,0,0
BRDA:80,4,1,0
BRDA:96,5,0,0
BRDA:96,5,1,0
BRDA:107,6,0,0
BRDA:107,6,1,0
BRDA:115,7,0,0
BRDA:115,7,1,0
BRDA:115,8,0,0
BRDA:115,8,1,0
BRDA:117,9,0,0
BRDA:117,9,1,0
BRDA:119,10,0,0
BRDA:119,10,1,0
BRDA:129,11,0,0
BRDA:129,11,1,0
BRDA:142,12,0,0
BRDA:142,12,1,0
BRDA:147,13,0,0
BRDA:147,13,1,0
BRDA:152,14,0,0
BRDA:152,14,1,0
BRDA:159,15,0,0
BRDA:159,15,1,0
BRDA:164,16,0,0
BRDA:164,16,1,0
BRDA:183,17,0,0
BRDA:183,17,1,0
BRDA:206,18,0,0
BRDA:206,18,1,0
BRDA:247,19,0,0
BRDA:247,19,1,0
BRDA:255,20,0,0
BRDA:255,20,1,0
BRDA:276,21,0,0
BRDA:276,21,1,0
BRDA:281,22,0,0
BRDA:281,22,1,0
BRDA:291,23,0,0
BRDA:291,23,1,0
BRDA:311,24,0,0
BRDA:311,24,1,0
BRDA:321,25,0,0
BRDA:321,25,1,0
BRDA:323,26,0,0
BRDA:323,26,1,0
BRDA:335,27,0,0
BRDA:335,27,1,0
BRDA:336,28,0,0
BRDA:336,28,1,0
BRDA:338,29,0,0
BRDA:338,29,1,0
BRDA:351,30,0,0
BRDA:351,30,1,0
BRDA:354,31,0,0
BRDA:354,31,1,0
BRDA:354,31,2,0
BRDA:386,32,0,0
BRDA:386,32,1,0
BRDA:400,33,0,0
BRDA:400,33,1,0
BRDA:400,33,2,0
BRDA:400,33,3,0
BRDA:400,33,4,0
BRDA:405,34,0,0
BRDA:405,34,1,0
BRDA:405,35,0,0
BRDA:405,35,1,0
BRF:76
BRH:0
end_of_record
TN:
SF:components/Admin/InventoryManagement.js
FN:5,InventoryManagement
FN:49,(anonymous_1)
FN:50,(anonymous_2)
FN:56,(anonymous_3)
FN:153,(anonymous_4)
FN:163,(anonymous_5)
FN:182,(anonymous_6)
FN:184,(anonymous_7)
FN:190,(anonymous_8)
FN:194,(anonymous_9)
FN:199,(anonymous_10)
FN:211,(anonymous_11)
FN:219,(anonymous_12)
FN:248,(anonymous_13)
FN:253,(anonymous_14)
FN:283,(anonymous_15)
FN:284,(anonymous_16)
FN:285,(anonymous_17)
FN:297,(anonymous_18)
FN:422,(anonymous_19)
FN:427,(anonymous_20)
FN:452,(anonymous_21)
FN:495,(anonymous_22)
FN:645,(anonymous_23)
FN:666,(anonymous_24)
FN:673,(anonymous_25)
FN:676,(anonymous_26)
FN:685,(anonymous_27)
FN:695,(anonymous_28)
FN:705,(anonymous_29)
FN:738,(anonymous_30)
FN:739,(anonymous_31)
FN:742,(anonymous_32)
FN:743,(anonymous_33)
FN:746,(anonymous_34)
FN:747,(anonymous_35)
FN:750,(anonymous_36)
FN:751,(anonymous_37)
FN:784,(anonymous_38)
FN:790,(anonymous_39)
FN:796,(anonymous_40)
FN:830,(anonymous_41)
FN:857,(anonymous_42)
FN:903,(anonymous_43)
FN:972,(anonymous_44)
FNF:45
FNH:0
FNDA:0,InventoryManagement
FNDA:0,(anonymous_1)
FNDA:0,(anonymous_2)
FNDA:0,(anonymous_3)
FNDA:0,(anonymous_4)
FNDA:0,(anonymous_5)
FNDA:0,(anonymous_6)
FNDA:0,(anonymous_7)
FNDA:0,(anonymous_8)
FNDA:0,(anonymous_9)
FNDA:0,(anonymous_10)
FNDA:0,(anonymous_11)
FNDA:0,(anonymous_12)
FNDA:0,(anonymous_13)
FNDA:0,(anonymous_14)
FNDA:0,(anonymous_15)
FNDA:0,(anonymous_16)
FNDA:0,(anonymous_17)
FNDA:0,(anonymous_18)
FNDA:0,(anonymous_19)
FNDA:0,(anonymous_20)
FNDA:0,(anonymous_21)
FNDA:0,(anonymous_22)
FNDA:0,(anonymous_23)
FNDA:0,(anonymous_24)
FNDA:0,(anonymous_25)
FNDA:0,(anonymous_26)
FNDA:0,(anonymous_27)
FNDA:0,(anonymous_28)
FNDA:0,(anonymous_29)
FNDA:0,(anonymous_30)
FNDA:0,(anonymous_31)
FNDA:0,(anonymous_32)
FNDA:0,(anonymous_33)
FNDA:0,(anonymous_34)
FNDA:0,(anonymous_35)
FNDA:0,(anonymous_36)
FNDA:0,(anonymous_37)
FNDA:0,(anonymous_38)
FNDA:0,(anonymous_39)
FNDA:0,(anonymous_40)
FNDA:0,(anonymous_41)
FNDA:0,(anonymous_42)
FNDA:0,(anonymous_43)
FNDA:0,(anonymous_44)
DA:6,0
DA:7,0
DA:8,0
DA:9,0
DA:10,0
DA:11,0
DA:12,0
DA:13,0
DA:14,0
DA:15,0
DA:16,0
DA:17,0
DA:18,0
DA:19,0
DA:20,0
DA:21,0
DA:23,0
DA:39,0
DA:49,0
DA:50,0
DA:51,0
DA:52,0
DA:56,0
DA:58,0
DA:139,0
DA:141,0
DA:142,0
DA:144,0
DA:148,0
DA:152,0
DA:155,0
DA:159,0
DA:161,0
DA:165,0
DA:167,0
DA:168,0
DA:169,0
DA:170,0
DA:171,0
DA:172,0
DA:173,0
DA:174,0
DA:178,0
DA:182,0
DA:183,0
DA:184,0
DA:186,0
DA:190,0
DA:191,0
DA:192,0
DA:194,0
DA:199,0
DA:200,0
DA:203,0
DA:206,0
DA:207,0
DA:211,0
DA:212,0
DA:213,0
DA:219,0
DA:220,0
DA:223,0
DA:231,0
DA:232,0
DA:233,0
DA:245,0
DA:248,0
DA:250,0
DA:253,0
DA:254,0
DA:255,0
DA:258,0
DA:259,0
DA:260,0
DA:261,0
DA:262,0
DA:266,0
DA:267,0
DA:268,0
DA:269,0
DA:272,0
DA:274,0
DA:280,0
DA:283,0
DA:284,0
DA:285,0
DA:287,0
DA:288,0
DA:292,0
DA:297,0
DA:303,0
DA:305,0
DA:307,0
DA:350,0
DA:407,0
DA:410,0
DA:414,0
DA:416,0
DA:418,0
DA:422,0
DA:424,0
DA:425,0
DA:427,0
DA:440,0
DA:441,0
DA:442,0
DA:443,0
DA:444,0
DA:445,0
DA:446,0
DA:447,0
DA:448,0
DA:452,0
DA:454,0
DA:456,0
DA:461,0
DA:485,0
DA:487,0
DA:488,0
DA:495,0
DA:498,0
DA:500,0
DA:501,0
DA:529,0
DA:530,0
DA:558,0
DA:559,0
DA:587,0
DA:588,0
DA:619,0
DA:622,0
DA:626,0
DA:628,0
DA:632,0
DA:633,0
DA:641,0
DA:642,0
DA:645,0
DA:650,0
DA:666,0
DA:673,0
DA:677,0
DA:685,0
DA:695,0
DA:705,0
DA:738,0
DA:739,0
DA:742,0
DA:743,0
DA:746,0
DA:747,0
DA:750,0
DA:751,0
DA:785,0
DA:790,0
DA:796,0
DA:830,0
DA:857,0
DA:904,0
DA:972,0
LF:160
LH:0
BRDA:155,0,0,0
BRDA:155,0,1,0
BRDA:159,1,0,0
BRDA:159,1,1,0
BRDA:161,2,0,0
BRDA:161,2,1,0
BRDA:167,3,0,0
BRDA:167,3,1,0
BRDA:169,4,0,0
BRDA:169,4,1,0
BRDA:171,5,0,0
BRDA:171,5,1,0
BRDA:173,6,0,0
BRDA:173,6,1,0
BRDA:178,7,0,0
BRDA:178,7,1,0
BRDA:183,8,0,0
BRDA:183,8,1,0
BRDA:191,9,0,0
BRDA:191,9,1,0
BRDA:200,10,0,0
BRDA:200,10,1,0
BRDA:200,11,0,0
BRDA:200,11,1,0
BRDA:255,12,0,0
BRDA:255,12,1,0
BRDA:259,13,0,0
BRDA:259,13,1,0
BRDA:287,14,0,0
BRDA:287,14,1,0
BRDA:305,15,0,0
BRDA:305,15,1,0
BRDA:464,16,0,0
BRDA:464,16,1,0
BRDA:465,17,0,0
BRDA:465,17,1,0
BRDA:469,18,0,0
BRDA:469,18,1,0
BRDA:470,19,0,0
BRDA:470,19,1,0
BRDA:474,20,0,0
BRDA:474,20,1,0
BRDA:475,21,0,0
BRDA:475,21,1,0
BRDA:479,22,0,0
BRDA:479,22,1,0
BRDA:480,23,0,0
BRDA:480,23,1,0
BRDA:487,24,0,0
BRDA:487,24,1,0
BRDA:500,25,0,0
BRDA:500,25,1,0
BRDA:529,26,0,0
BRDA:529,26,1,0
BRDA:558,27,0,0
BRDA:558,27,1,0
BRDA:587,28,0,0
BRDA:587,28,1,0
BRDA:632,29,0,0
BRDA:632,29,1,0
BRDA:641,30,0,0
BRDA:641,30,1,0
BRDA:695,31,0,0
BRDA:695,31,1,0
BRDA:697,32,0,0
BRDA:697,32,1,0
BRDA:763,33,0,0
BRDA:763,33,1,0
BRDA:777,34,0,0
BRDA:777,34,1,0
BRDA:804,35,0,0
BRDA:804,35,1,0
BRDA:808,36,0,0
BRDA:808,36,1,0
BRDA:809,37,0,0
BRDA:809,37,1,0
BRDA:824,38,0,0
BRDA:824,38,1,0
BRDA:850,39,0,0
BRDA:850,39,1,0
BRF:80
BRH:0
end_of_record
TN:
SF:components/Admin/InventoryTransferList.js
FN:6,InventoryTransferList
FN:40,(anonymous_1)
FN:111,(anonymous_2)
FN:165,(anonymous_3)
FN:203,(anonymous_4)
FN:216,(anonymous_5)
FN:224,(anonymous_6)
FN:262,(anonymous_7)
FN:263,(anonymous_8)
FN:272,(anonymous_9)
FN:310,(anonymous_10)
FN:315,(anonymous_11)
FN:317,(anonymous_12)
FN:324,(anonymous_13)
FN:335,(anonymous_14)
FN:340,(anonymous_15)
FN:349,(anonymous_16)
FN:354,(anonymous_17)
FN:356,(anonymous_18)
FN:362,(anonymous_19)
FN:368,(anonymous_20)
FN:379,(anonymous_21)
FN:393,(anonymous_22)
FN:419,(anonymous_23)
FN:515,(anonymous_24)
FN:553,(anonymous_25)
FN:574,(anonymous_26)
FN:591,(anonymous_27)
FN:603,(anonymous_28)
FN:619,(anonymous_29)
FN:682,(anonymous_30)
FN:705,(anonymous_31)
FN:712,(anonymous_32)
FN:722,(anonymous_33)
FN:751,(anonymous_34)
FNF:35
FNH:0
FNDA:0,InventoryTransferList
FNDA:0,(anonymous_1)
FNDA:0,(anonymous_2)
FNDA:0,(anonymous_3)
FNDA:0,(anonymous_4)
FNDA:0,(anonymous_5)
FNDA:0,(anonymous_6)
FNDA:0,(anonymous_7)
FNDA:0,(anonymous_8)
FNDA:0,(anonymous_9)
FNDA:0,(anonymous_10)
FNDA:0,(anonymous_11)
FNDA:0,(anonymous_12)
FNDA:0,(anonymous_13)
FNDA:0,(anonymous_14)
FNDA:0,(anonymous_15)
FNDA:0,(anonymous_16)
FNDA:0,(anonymous_17)
FNDA:0,(anonymous_18)
FNDA:0,(anonymous_19)
FNDA:0,(anonymous_20)
FNDA:0,(anonymous_21)
FNDA:0,(anonymous_22)
FNDA:0,(anonymous_23)
FNDA:0,(anonymous_24)
FNDA:0,(anonymous_25)
FNDA:0,(anonymous_26)
FNDA:0,(anonymous_27)
FNDA:0,(anonymous_28)
FNDA:0,(anonymous_29)
FNDA:0,(anonymous_30)
FNDA:0,(anonymous_31)
FNDA:0,(anonymous_32)
FNDA:0,(anonymous_33)
FNDA:0,(anonymous_34)
DA:7,0
DA:8,0
DA:9,0
DA:10,0
DA:17,0
DA:23,0
DA:24,0
DA:25,0
DA:26,0
DA:27,0
DA:28,0
DA:29,0
DA:32,0
DA:33,0
DA:36,0
DA:37,0
DA:40,0
DA:41,0
DA:44,0
DA:45,0
DA:49,0
DA:50,0
DA:51,0
DA:52,0
DA:56,0
DA:57,0
DA:58,0
DA:59,0
DA:64,0
DA:65,0
DA:66,0
DA:67,0
DA:72,0
DA:73,0
DA:74,0
DA:75,0
DA:78,0
DA:79,0
DA:80,0
DA:85,0
DA:86,0
DA:87,0
DA:90,0
DA:91,0
DA:92,0
DA:98,0
DA:100,0
DA:101,0
DA:102,0
DA:103,0
DA:107,0
DA:111,0
DA:112,0
DA:113,0
DA:114,0
DA:115,0
DA:118,0
DA:121,0
DA:128,0
DA:129,0
DA:130,0
DA:131,0
DA:132,0
DA:134,0
DA:138,0
DA:141,0
DA:143,0
DA:144,0
DA:145,0
DA:146,0
DA:147,0
DA:149,0
DA:151,0
DA:153,0
DA:154,0
DA:155,0
DA:156,0
DA:157,0
DA:159,0
DA:160,0
DA:161,0
DA:164,0
DA:165,0
DA:166,0
DA:167,0
DA:169,0
DA:170,0
DA:175,0
DA:179,0
DA:180,0
DA:181,0
DA:184,0
DA:189,0
DA:190,0
DA:191,0
DA:194,0
DA:198,0
DA:203,0
DA:204,0
DA:205,0
DA:206,0
DA:209,0
DA:210,0
DA:211,0
DA:212,0
DA:216,0
DA:217,0
DA:218,0
DA:219,0
DA:220,0
DA:224,0
DA:226,0
DA:227,0
DA:228,0
DA:232,0
DA:233,0
DA:236,0
DA:237,0
DA:241,0
DA:242,0
DA:243,0
DA:245,0
DA:258,0
DA:260,0
DA:262,0
DA:263,0
DA:264,0
DA:271,0
DA:272,0
DA:279,0
DA:280,0
DA:283,0
DA:287,0
DA:288,0
DA:291,0
DA:296,0
DA:297,0
DA:300,0
DA:304,0
DA:305,0
DA:310,0
DA:311,0
DA:315,0
DA:316,0
DA:317,0
DA:324,0
DA:326,0
DA:327,0
DA:329,0
DA:331,0
DA:332,0
DA:335,0
DA:336,0
DA:340,0
DA:341,0
DA:348,0
DA:349,0
DA:350,0
DA:354,0
DA:355,0
DA:356,0
DA:357,0
DA:362,0
DA:363,0
DA:364,0
DA:368,0
DA:369,0
DA:379,0
DA:380,0
DA:382,0
DA:384,0
DA:386,0
DA:388,0
DA:393,0
DA:394,0
DA:396,0
DA:398,0
DA:400,0
DA:402,0
DA:406,0
DA:407,0
DA:415,0
DA:416,0
DA:419,0
DA:426,0
DA:516,0
DA:554,0
DA:574,0
DA:591,0
DA:603,0
DA:619,0
DA:683,0
DA:705,0
DA:712,0
DA:722,0
DA:751,0
LF:196
LH:0
BRDA:36,0,0,0
BRDA:36,0,1,0
BRDA:37,1,0,0
BRDA:37,1,1,0
BRDA:44,2,0,0
BRDA:44,2,1,0
BRDA:44,3,0,0
BRDA:44,3,1,0
BRDA:49,4,0,0
BRDA:49,4,1,0
BRDA:49,5,0,0
BRDA:49,5,1,0
BRDA:51,6,0,0
BRDA:51,6,1,0
BRDA:51,7,0,0
BRDA:51,7,1,0
BRDA:56,8,0,0
BRDA:56,8,1,0
BRDA:56,9,0,0
BRDA:56,9,1,0
BRDA:58,10,0,0
BRDA:58,10,1,0
BRDA:58,11,0,0
BRDA:58,11,1,0
BRDA:64,12,0,0
BRDA:64,12,1,0
BRDA:64,13,0,0
BRDA:64,13,1,0
BRDA:66,14,0,0
BRDA:66,14,1,0
BRDA:73,15,0,0
BRDA:73,15,1,0
BRDA:73,16,0,0
BRDA:73,16,1,0
BRDA:74,17,0,0
BRDA:74,17,1,0
BRDA:79,18,0,0
BRDA:79,18,1,0
BRDA:85,19,0,0
BRDA:85,19,1,0
BRDA:85,20,0,0
BRDA:85,20,1,0
BRDA:86,21,0,0
BRDA:86,21,1,0
BRDA:91,22,0,0
BRDA:91,22,1,0
BRDA:98,23,0,0
BRDA:98,23,1,0
BRDA:98,24,0,0
BRDA:98,24,1,0
BRDA:98,24,2,0
BRDA:98,24,3,0
BRDA:102,25,0,0
BRDA:102,25,1,0
BRDA:111,26,0,0
BRDA:111,27,0,0
BRDA:118,28,0,0
BRDA:118,28,1,0
BRDA:128,29,0,0
BRDA:128,29,1,0
BRDA:129,30,0,0
BRDA:129,30,1,0
BRDA:130,31,0,0
BRDA:130,31,1,0
BRDA:131,32,0,0
BRDA:131,32,1,0
BRDA:132,33,0,0
BRDA:132,33,1,0
BRDA:141,34,0,0
BRDA:141,34,1,0
BRDA:143,35,0,0
BRDA:143,35,1,0
BRDA:143,36,0,0
BRDA:143,36,1,0
BRDA:144,37,0,0
BRDA:144,37,1,0
BRDA:145,38,0,0
BRDA:145,38,1,0
BRDA:147,39,0,0
BRDA:147,39,1,0
BRDA:149,40,0,0
BRDA:149,40,1,0
BRDA:151,41,0,0
BRDA:151,41,1,0
BRDA:153,42,0,0
BRDA:153,42,1,0
BRDA:157,43,0,0
BRDA:157,43,1,0
BRDA:159,44,0,0
BRDA:159,44,1,0
BRDA:159,45,0,0
BRDA:159,45,1,0
BRDA:160,46,0,0
BRDA:160,46,1,0
BRDA:160,46,2,0
BRDA:164,47,0,0
BRDA:164,47,1,0
BRDA:179,48,0,0
BRDA:179,48,1,0
BRDA:204,49,0,0
BRDA:204,49,1,0
BRDA:226,50,0,0
BRDA:226,50,1,0
BRDA:232,51,0,0
BRDA:232,51,1,0
BRDA:236,52,0,0
BRDA:236,52,1,0
BRDA:260,53,0,0
BRDA:260,53,1,0
BRDA:260,54,0,0
BRDA:260,54,1,0
BRDA:264,55,0,0
BRDA:264,55,1,0
BRDA:265,56,0,0
BRDA:265,56,1,0
BRDA:271,57,0,0
BRDA:271,57,1,0
BRDA:271,58,0,0
BRDA:271,58,1,0
BRDA:274,59,0,0
BRDA:274,59,1,0
BRDA:279,60,0,0
BRDA:279,60,1,0
BRDA:287,61,0,0
BRDA:287,61,1,0
BRDA:329,62,0,0
BRDA:329,62,1,0
BRDA:355,63,0,0
BRDA:355,63,1,0
BRDA:355,64,0,0
BRDA:355,64,1,0
BRDA:380,65,0,0
BRDA:380,65,1,0
BRDA:380,65,2,0
BRDA:380,65,3,0
BRDA:394,66,0,0
BRDA:394,66,1,0
BRDA:394,66,2,0
BRDA:394,66,3,0
BRDA:406,67,0,0
BRDA:406,67,1,0
BRDA:406,68,0,0
BRDA:406,68,1,0
BRDA:415,69,0,0
BRDA:415,69,1,0
BRDA:415,70,0,0
BRDA:415,70,1,0
BRDA:511,71,0,0
BRDA:511,71,1,0
BRDA:526,72,0,0
BRDA:526,72,1,0
BRDA:546,73,0,0
BRDA:546,73,1,0
BRDA:571,74,0,0
BRDA:571,74,1,0
BRDA:588,75,0,0
BRDA:588,75,1,0
BRDA:613,76,0,0
BRDA:613,76,1,0
BRDA:613,76,2,0
BRDA:668,77,0,0
BRDA:668,77,1,0
BRDA:669,78,0,0
BRDA:669,78,1,0
BRDA:669,79,0,0
BRDA:669,79,1,0
BRDA:702,80,0,0
BRDA:702,80,1,0
BRDA:706,81,0,0
BRDA:706,81,1,0
BRDA:709,82,0,0
BRDA:709,82,1,0
BRDA:709,83,0,0
BRDA:709,83,1,0
BRDA:713,84,0,0
BRDA:713,84,1,0
BRDA:716,85,0,0
BRDA:716,85,1,0
BRDA:716,86,0,0
BRDA:716,86,1,0
BRDA:734,87,0,0
BRDA:734,87,1,0
BRF:182
BRH:0
end_of_record
TN:
SF:components/Admin/RealTimeInventory.js
FN:6,RealTimeInventory
FN:31,(anonymous_1)
FN:47,(anonymous_2)
FN:55,(anonymous_3)
FN:70,(anonymous_4)
FN:79,(anonymous_5)
FN:82,(anonymous_6)
FN:83,(anonymous_7)
FN:83,(anonymous_8)
FN:88,(anonymous_9)
FN:92,(anonymous_10)
FN:98,(anonymous_11)
FN:120,(anonymous_12)
FN:132,(anonymous_13)
FN:133,(anonymous_14)
FN:133,(anonymous_15)
FN:152,(anonymous_16)
FN:163,(anonymous_17)
FN:166,(anonymous_18)
FN:175,(anonymous_19)
FN:176,(anonymous_20)
FN:180,(anonymous_21)
FN:253,(anonymous_22)
FN:254,(anonymous_23)
FN:278,(anonymous_24)
FN:284,(anonymous_25)
FN:294,(anonymous_26)
FN:300,(anonymous_27)
FN:349,(anonymous_28)
FN:371,(anonymous_29)
FN:379,(anonymous_30)
FN:399,(anonymous_31)
FN:405,(anonymous_32)
FN:408,(anonymous_33)
FN:415,(anonymous_34)
FN:425,(anonymous_35)
FN:447,(anonymous_36)
FNF:37
FNH:0
FNDA:0,RealTimeInventory
FNDA:0,(anonymous_1)
FNDA:0,(anonymous_2)
FNDA:0,(anonymous_3)
FNDA:0,(anonymous_4)
FNDA:0,(anonymous_5)
FNDA:0,(anonymous_6)
FNDA:0,(anonymous_7)
FNDA:0,(anonymous_8)
FNDA:0,(anonymous_9)
FNDA:0,(anonymous_10)
FNDA:0,(anonymous_11)
FNDA:0,(anonymous_12)
FNDA:0,(anonymous_13)
FNDA:0,(anonymous_14)
FNDA:0,(anonymous_15)
FNDA:0,(anonymous_16)
FNDA:0,(anonymous_17)
FNDA:0,(anonymous_18)
FNDA:0,(anonymous_19)
FNDA:0,(anonymous_20)
FNDA:0,(anonymous_21)
FNDA:0,(anonymous_22)
FNDA:0,(anonymous_23)
FNDA:0,(anonymous_24)
FNDA:0,(anonymous_25)
FNDA:0,(anonymous_26)
FNDA:0,(anonymous_27)
FNDA:0,(anonymous_28)
FNDA:0,(anonymous_29)
FNDA:0,(anonymous_30)
FNDA:0,(anonymous_31)
FNDA:0,(anonymous_32)
FNDA:0,(anonymous_33)
FNDA:0,(anonymous_34)
FNDA:0,(anonymous_35)
FNDA:0,(anonymous_36)
DA:7,0
DA:8,0
DA:9,0
DA:10,0
DA:11,0
DA:12,0
DA:13,0
DA:14,0
DA:15,0
DA:16,0
DA:17,0
DA:18,0
DA:21,0
DA:31,0
DA:32,0
DA:33,0
DA:40,0
DA:41,0
DA:42,0
DA:43,0
DA:44,0
DA:47,0
DA:48,0
DA:49,0
DA:50,0
DA:55,0
DA:56,0
DA:57,0
DA:58,0
DA:59,0
DA:64,0
DA:65,0
DA:70,0
DA:71,0
DA:79,0
DA:82,0
DA:83,0
DA:88,0
DA:89,0
DA:92,0
DA:93,0
DA:95,0
DA:98,0
DA:99,0
DA:100,0
DA:102,0
DA:103,0
DA:105,0
DA:106,0
DA:107,0
DA:108,0
DA:109,0
DA:110,0
DA:111,0
DA:112,0
DA:118,0
DA:120,0
DA:122,0
DA:126,0
DA:127,0
DA:132,0
DA:133,0
DA:134,0
DA:135,0
DA:136,0
DA:143,0
DA:144,0
DA:152,0
DA:153,0
DA:156,0
DA:158,0
DA:163,0
DA:164,0
DA:165,0
DA:166,0
DA:167,0
DA:168,0
DA:175,0
DA:176,0
DA:177,0
DA:178,0
DA:180,0
DA:182,0
DA:249,0
DA:252,0
DA:253,0
DA:254,0
DA:263,0
DA:266,0
DA:267,0
DA:269,0
DA:273,0
DA:277,0
DA:279,0
DA:281,0
DA:282,0
DA:285,0
DA:286,0
DA:287,0
DA:288,0
DA:289,0
DA:290,0
DA:294,0
DA:295,0
DA:296,0
DA:300,0
DA:301,0
DA:302,0
DA:303,0
DA:305,0
DA:309,0
DA:310,0
DA:318,0
DA:350,0
DA:372,0
DA:381,0
DA:399,0
DA:405,0
DA:409,0
DA:415,0
DA:425,0
DA:448,0
LF:122
LH:0
BRDA:40,0,0,0
BRDA:40,0,1,0
BRDA:42,1,0,0
BRDA:42,1,1,0
BRDA:43,2,0,0
BRDA:43,2,1,0
BRDA:48,3,0,0
BRDA:48,3,1,0
BRDA:56,4,0,0
BRDA:56,4,1,0
BRDA:58,5,0,0
BRDA:58,5,1,0
BRDA:89,6,0,0
BRDA:89,6,1,0
BRDA:89,7,0,0
BRDA:89,7,1,0
BRDA:102,8,0,0
BRDA:102,8,1,0
BRDA:105,9,0,0
BRDA:105,9,1,0
BRDA:105,10,0,0
BRDA:105,10,1,0
BRDA:109,11,0,0
BRDA:109,11,1,0
BRDA:134,12,0,0
BRDA:134,12,1,0
BRDA:143,13,0,0
BRDA:143,13,1,0
BRDA:143,14,0,0
BRDA:143,14,1,0
BRDA:164,15,0,0
BRDA:164,15,1,0
BRDA:167,16,0,0
BRDA:167,16,1,0
BRDA:279,17,0,0
BRDA:279,17,1,0
BRDA:281,18,0,0
BRDA:281,18,1,0
BRDA:282,19,0,0
BRDA:282,19,1,0
BRDA:286,20,0,0
BRDA:286,20,1,0
BRDA:287,21,0,0
BRDA:287,21,1,0
BRDA:288,22,0,0
BRDA:288,22,1,0
BRDA:289,23,0,0
BRDA:289,23,1,0
BRDA:290,24,0,0
BRDA:290,24,1,0
BRDA:302,25,0,0
BRDA:302,25,1,0
BRDA:309,26,0,0
BRDA:309,26,1,0
BRDA:325,27,0,0
BRDA:325,27,1,0
BRDA:335,28,0,0
BRDA:335,28,1,0
BRDA:347,29,0,0
BRDA:347,29,1,0
BRDA:367,30,0,0
BRDA:367,30,1,0
BRDA:425,31,0,0
BRDA:425,31,1,0
BRDA:427,32,0,0
BRDA:427,32,1,0
BRDA:448,33,0,0
BRDA:448,33,1,0
BRDA:459,34,0,0
BRDA:459,34,1,0
BRDA:464,35,0,0
BRDA:464,35,1,0
BRDA:465,36,0,0
BRDA:465,36,1,0
BRF:74
BRH:0
end_of_record
TN:
SF:components/Admin/StoreLocationsList.js
FN:6,StoreLocationsList
FN:20,(anonymous_1)
FN:48,(anonymous_2)
FN:83,(anonymous_3)
FN:96,(anonymous_4)
FN:104,(anonymous_5)
FN:121,(anonymous_6)
FN:149,(anonymous_7)
FN:214,(anonymous_8)
FNF:9
FNH:0
FNDA:0,StoreLocationsList
FNDA:0,(anonymous_1)
FNDA:0,(anonymous_2)
FNDA:0,(anonymous_3)
FNDA:0,(anonymous_4)
FNDA:0,(anonymous_5)
FNDA:0,(anonymous_6)
FNDA:0,(anonymous_7)
FNDA:0,(anonymous_8)
DA:7,0
DA:8,0
DA:9,0
DA:10,0
DA:11,0
DA:12,0
DA:13,0
DA:16,0
DA:17,0
DA:20,0
DA:21,0
DA:22,0
DA:23,0
DA:24,0
DA:26,0
DA:28,0
DA:32,0
DA:34,0
DA:35,0
DA:36,0
DA:37,0
DA:38,0
DA:40,0
DA:42,0
DA:43,0
DA:44,0
DA:45,0
DA:47,0
DA:48,0
DA:49,0
DA:50,0
DA:52,0
DA:53,0
DA:58,0
DA:61,0
DA:62,0
DA:63,0
DA:65,0
DA:70,0
DA:71,0
DA:72,0
DA:74,0
DA:78,0
DA:83,0
DA:84,0
DA:85,0
DA:86,0
DA:89,0
DA:90,0
DA:91,0
DA:92,0
DA:96,0
DA:97,0
DA:98,0
DA:99,0
DA:100,0
DA:104,0
DA:105,0
DA:108,0
DA:109,0
DA:117,0
DA:118,0
DA:121,0
DA:128,0
DA:150,0
DA:214,0
LF:66
LH:0
BRDA:16,0,0,0
BRDA:16,0,1,0
BRDA:17,1,0,0
BRDA:17,1,1,0
BRDA:20,2,0,0
BRDA:26,3,0,0
BRDA:26,3,1,0
BRDA:34,4,0,0
BRDA:34,4,1,0
BRDA:35,5,0,0
BRDA:35,5,1,0
BRDA:35,6,0,0
BRDA:35,6,1,0
BRDA:36,7,0,0
BRDA:36,7,1,0
BRDA:38,8,0,0
BRDA:38,8,1,0
BRDA:40,9,0,0
BRDA:40,9,1,0
BRDA:42,10,0,0
BRDA:42,10,1,0
BRDA:43,11,0,0
BRDA:43,11,1,0
BRDA:43,12,0,0
BRDA:43,12,1,0
BRDA:44,13,0,0
BRDA:44,13,1,0
BRDA:44,13,2,0
BRDA:47,14,0,0
BRDA:47,14,1,0
BRDA:61,15,0,0
BRDA:61,15,1,0
BRDA:84,16,0,0
BRDA:84,16,1,0
BRDA:108,17,0,0
BRDA:108,17,1,0
BRDA:108,18,0,0
BRDA:108,18,1,0
BRDA:117,19,0,0
BRDA:117,19,1,0
BRDA:117,20,0,0
BRDA:117,20,1,0
BRDA:144,21,0,0
BRDA:144,21,1,0
BRDA:153,22,0,0
BRDA:153,22,1,0
BRDA:153,22,2,0
BRDA:184,23,0,0
BRDA:184,23,1,0
BRDA:184,23,2,0
BRDA:197,24,0,0
BRDA:197,24,1,0
BRF:52
BRH:0
end_of_record
TN:
SF:components/AdminLayout/AdminLayout.js
FN:7,(anonymous_0)
FN:12,(anonymous_1)
FN:15,(anonymous_2)
FNF:3
FNH:0
FNDA:0,(anonymous_0)
FNDA:0,(anonymous_1)
FNDA:0,(anonymous_2)
DA:7,0
DA:8,0
DA:9,0
DA:10,0
DA:12,0
DA:15,0
DA:16,0
DA:18,0
DA:19,0
DA:22,0
DA:24,0
DA:26,0
DA:28,0
DA:31,0
DA:33,0
DA:37,0
DA:40,0
DA:41,0
DA:49,0
DA:50,0
DA:53,0
LF:21
LH:0
BRDA:22,0,0,0
BRDA:22,0,1,0
BRDA:24,1,0,0
BRDA:24,1,1,0
BRDA:40,2,0,0
BRDA:40,2,1,0
BRDA:49,3,0,0
BRDA:49,3,1,0
BRDA:61,4,0,0
BRDA:61,4,1,0
BRDA:67,5,0,0
BRDA:67,5,1,0
BRDA:73,6,0,0
BRDA:73,6,1,0
BRDA:79,7,0,0
BRDA:79,7,1,0
BRDA:85,8,0,0
BRDA:85,8,1,0
BRDA:91,9,0,0
BRDA:91,9,1,0
BRDA:97,10,0,0
BRDA:97,10,1,0
BRDA:116,11,0,0
BRDA:116,11,1,0
BRF:24
BRH:0
end_of_record
TN:
SF:components/AdminLayout/index.js
FNF:0
FNH:0
LF:0
LH:0
BRF:0
BRH:0
end_of_record
TN:
SF:components/Banner/AppleBanner.js
FN:5,(anonymous_0)
FNF:1
FNH:0
FNDA:0,(anonymous_0)
DA:5,0
DA:6,0
LF:2
LH:0
BRF:0
BRH:0
end_of_record
TN:
SF:components/Banner/index.js
FNF:0
FNH:0
LF:0
LH:0
BRF:0
BRH:0
end_of_record
TN:
SF:components/CategoryCards/CategoryCards.js
FN:6,(anonymous_0)
FN:59,(anonymous_1)
FNF:2
FNH:0
FNDA:0,(anonymous_0)
FNDA:0,(anonymous_1)
DA:6,0
DA:7,0
DA:52,0
DA:60,0
LF:4
LH:0
BRF:0
BRH:0
end_of_record
TN:
SF:components/Chatbot/ChatbotUI.js
FN:6,(anonymous_0)
FN:16,(anonymous_1)
FN:31,(anonymous_2)
FN:36,(anonymous_3)
FN:82,(anonymous_4)
FN:169,(anonymous_5)
FN:176,(anonymous_6)
FN:181,(anonymous_7)
FN:187,(anonymous_8)
FN:191,(anonymous_9)
FN:205,(anonymous_10)
FN:239,(anonymous_11)
FN:281,(anonymous_12)
FN:294,(anonymous_13)
FN:328,(anonymous_14)
FNF:15
FNH:5
FNDA:11,(anonymous_0)
FNDA:5,(anonymous_1)
FNDA:5,(anonymous_2)
FNDA:1,(anonymous_3)
FNDA:0,(anonymous_4)
FNDA:0,(anonymous_5)
FNDA:5,(anonymous_6)
FNDA:0,(anonymous_7)
FNDA:0,(anonymous_8)
FNDA:0,(anonymous_9)
FNDA:0,(anonymous_10)
FNDA:0,(anonymous_11)
FNDA:0,(anonymous_12)
FNDA:0,(anonymous_13)
FNDA:0,(anonymous_14)
DA:6,2
DA:7,11
DA:8,11
DA:9,10
DA:10,10
DA:11,10
DA:12,10
DA:13,10
DA:16,10
DA:18,5
DA:19,5
DA:21,5
DA:22,4
DA:23,4
DA:26,1
DA:31,10
DA:32,5
DA:36,10
DA:37,1
DA:38,1
DA:48,1
DA:50,1
DA:51,1
DA:52,1
DA:55,1
DA:62,1
DA:63,1
DA:66,0
DA:69,0
DA:76,0
DA:77,0
DA:82,10
DA:83,0
DA:85,0
DA:88,0
DA:95,0
DA:96,0
DA:97,0
DA:100,0
DA:103,0
DA:105,0
DA:106,0
DA:118,0
DA:121,0
DA:123,0
DA:125,0
DA:132,0
DA:133,0
DA:134,0
DA:137,0
DA:144,0
DA:145,0
DA:146,0
DA:149,0
DA:152,0
DA:155,0
DA:162,0
DA:163,0
DA:164,0
DA:169,10
DA:170,0
DA:171,0
DA:172,0
DA:176,10
DA:177,5
DA:181,10
DA:182,0
DA:183,0
DA:187,10
DA:188,0
DA:191,0
DA:192,0
DA:201,0
DA:204,0
DA:205,0
DA:206,0
DA:210,0
DA:214,0
DA:217,0
DA:220,0
DA:221,0
DA:222,0
DA:226,0
DA:229,0
DA:231,0
DA:234,10
DA:239,0
DA:281,0
DA:295,0
DA:328,0
LF:90
LH:34
BRDA:21,0,0,4
BRDA:21,0,1,1
BRDA:21,1,0,5
BRDA:21,1,1,4
BRDA:44,2,0,1
BRDA:44,2,1,1
BRDA:50,3,0,1
BRDA:50,3,1,0
BRDA:85,4,0,0
BRDA:85,4,1,0
BRDA:114,5,0,0
BRDA:114,5,1,0
BRDA:123,6,0,0
BRDA:123,6,1,0
BRDA:188,7,0,0
BRDA:188,7,1,0
BRDA:221,8,0,0
BRDA:221,8,1,0
BRDA:238,9,0,0
BRDA:238,9,1,10
BRDA:240,10,0,0
BRDA:240,10,1,10
BRDA:242,11,0,0
BRDA:242,11,1,10
BRDA:252,12,0,10
BRDA:252,12,1,10
BRDA:256,13,0,0
BRDA:256,13,1,10
BRDA:297,14,0,0
BRDA:297,14,1,0
BRDA:309,15,0,10
BRDA:309,15,1,0
BRDA:334,16,0,10
BRDA:334,16,1,0
BRF:34
BRH:15
end_of_record
TN:
SF:components/Checkout/EnhancedCheckout.js
[...]
BRDA:17,2,0,0
BRDA:17,2,1,0
BRDA:40,3,0,0
BRDA:40,3,1,0
BRDA:41,4,0,0
BRDA:41,4,1,0
BRDA:86,5,0,0
BRDA:93,6,0,0
BRDA:93,6,1,0
BRDA:93,7,0,0
BRDA:93,7,1,0
BRDA:93,7,2,0
BRF:16
BRH:0
end_of_record
TN:
SF:routes/api/wishlist.js
FN:8,(anonymous_0)
FN:79,(anonymous_1)
FN:111,(anonymous_2)
FN:223,(anonymous_3)
FN:282,(anonymous_4)
FN:342,(anonymous_5)
FNF:6
FNH:0
FNDA:0,(anonymous_0)
FNDA:0,(anonymous_1)
FNDA:0,(anonymous_2)
FNDA:0,(anonymous_3)
FNDA:0,(anonymous_4)
FNDA:0,(anonymous_5)
DA:1,0
DA:2,0
DA:3,0
DA:4,0
DA:5,0
DA:8,0
DA:9,0
DA:10,0
DA:14,0
DA:20,0
DA:21,0
DA:22,0
DA:28,0
DA:29,0
DA:32,0
DA:38,0
DA:39,0
DA:40,0
DA:46,0
DA:50,0
DA:70,0
DA:71,0
DA:72,0
DA:79,0
DA:80,0
DA:81,0
DA:82,0
DA:96,0
DA:102,0
DA:103,0
DA:111,0
DA:112,0
DA:113,0
DA:114,0
DA:116,0
DA:117,0
DA:124,0
DA:130,0
DA:131,0
DA:139,0
DA:145,0
DA:146,0
DA:147,0
DA:153,0
DA:154,0
DA:156,0
DA:162,0
DA:163,0
DA:164,0
DA:170,0
DA:174,0
DA:181,0
DA:182,0
DA:183,0
DA:189,0
DA:190,0
DA:197,0
DA:201,0
DA:202,0
DA:203,0
DA:209,0
DA:214,0
DA:215,0
DA:223,0
DA:224,0
DA:225,0
DA:226,0
DA:229,0
DA:235,0
DA:236,0
DA:237,0
DA:243,0
DA:244,0
DA:250,0
DA:253,0
DA:261,0
DA:262,0
DA:268,0
DA:273,0
DA:274,0
DA:282,0
DA:283,0
DA:284,0
DA:285,0
DA:288,0
DA:294,0
DA:295,0
DA:296,0
DA:302,0
DA:303,0
DA:309,0
DA:312,0
DA:319,0
DA:320,0
DA:321,0
DA:327,0
DA:333,0
DA:334,0
DA:342,0
DA:343,0
DA:344,0
DA:347,0
DA:353,0
DA:354,0
DA:355,0
DA:361,0
DA:362,0
DA:368,0
DA:371,0
DA:376,0
DA:377,0
DA:378,0
DA:384,0
DA:389,0
DA:390,0
DA:397,0
LF:116
LH:0
BRDA:20,0,0,0
BRDA:20,0,1,0
BRDA:20,1,0,0
BRDA:20,1,1,0
BRDA:28,2,0,0
BRDA:28,2,1,0
BRDA:38,3,0,0
BRDA:38,3,1,0
BRDA:70,4,0,0
BRDA:70,4,1,0
BRDA:116,5,0,0
BRDA:116,5,1,0
BRDA:130,6,0,0
BRDA:130,6,1,0
BRDA:130,7,0,0
BRDA:130,7,1,0
BRDA:145,8,0,0
BRDA:145,8,1,0
BRDA:145,9,0,0
BRDA:145,9,1,0
BRDA:153,10,0,0
BRDA:153,10,1,0
BRDA:162,11,0,0
BRDA:162,11,1,0
BRDA:181,12,0,0
BRDA:181,12,1,0
BRDA:181,13,0,0
BRDA:181,13,1,0
BRDA:189,14,0,0
BRDA:189,14,1,0
BRDA:201,15,0,0
BRDA:201,15,1,0
BRDA:235,16,0,0
BRDA:235,16,1,0
BRDA:235,17,0,0
BRDA:235,17,1,0
BRDA:243,18,0,0
BRDA:243,18,1,0
BRDA:261,19,0,0
BRDA:261,19,1,0
BRDA:261,20,0,0
BRDA:261,20,1,0
BRDA:294,21,0,0
BRDA:294,21,1,0
BRDA:294,22,0,0
BRDA:294,22,1,0
BRDA:302,23,0,0
BRDA:302,23,1,0
BRDA:319,24,0,0
BRDA:319,24,1,0
BRDA:319,25,0,0
BRDA:319,25,1,0
BRDA:330,26,0,0
BRDA:330,26,1,0
BRDA:353,27,0,0
BRDA:353,27,1,0
BRDA:353,28,0,0
BRDA:353,28,1,0
BRDA:361,29,0,0
BRDA:361,29,1,0
BRDA:376,30,0,0
BRDA:376,30,1,0
BRF:62
BRH:0
end_of_record
TN:
SF:utils/apiClient.js
FN:7,request
FN:11,(anonymous_1)
FNF:2
FNH:0
FNDA:0,request
FNDA:0,(anonymous_1)
DA:5,0
DA:8,0
DA:10,0
DA:11,0
DA:12,0
DA:13,0
DA:18,0
DA:24,0
DA:25,0
DA:29,0
DA:34,0
DA:35,0
DA:38,0
DA:40,0
DA:41,0
DA:42,0
DA:43,0
DA:45,0
DA:48,0
DA:49,0
DA:50,0
DA:51,0
DA:52,0
DA:55,0
DA:57,0
DA:58,0
LF:26
LH:0
BRDA:5,0,0,0
BRDA:5,0,1,0
BRDA:7,1,0,0
BRDA:7,2,0,0
BRDA:7,3,0,0
BRDA:7,4,0,0
BRDA:7,5,0,0
BRDA:7,6,0,0
BRDA:12,7,0,0
BRDA:12,7,1,0
BRDA:12,8,0,0
BRDA:12,8,1,0
BRDA:24,9,0,0
BRDA:24,9,1,0
BRDA:34,10,0,0
BRDA:34,10,1,0
BRDA:42,11,0,0
BRDA:42,11,1,0
BRDA:42,12,0,0
BRDA:42,12,1,0
BRDA:48,13,0,0
BRDA:48,13,1,0
BRDA:49,14,0,0
BRDA:49,14,1,0
BRDA:49,14,2,0
BRF:25
BRH:0
end_of_record
TN:
SF:utils/cache.js
FN:7,(anonymous_0)
FN:12,(anonymous_1)
FN:26,(anonymous_2)
FN:32,(anonymous_3)
FN:37,(anonymous_4)
FN:42,(anonymous_5)
FN:47,(anonymous_6)
FN:56,(anonymous_7)
FN:60,(anonymous_8)
FN:64,(anonymous_9)
FNF:10
FNH:0
FNDA:0,(anonymous_0)
FNDA:0,(anonymous_1)
FNDA:0,(anonymous_2)
FNDA:0,(anonymous_3)
FNDA:0,(anonymous_4)
FNDA:0,(anonymous_5)
FNDA:0,(anonymous_6)
FNDA:0,(anonymous_7)
FNDA:0,(anonymous_8)
FNDA:0,(anonymous_9)
DA:4,0
DA:8,0
DA:13,0
DA:14,0
DA:17,0
DA:18,0
DA:19,0
DA:22,0
DA:27,0
DA:28,0
DA:33,0
DA:38,0
DA:43,0
DA:48,0
DA:53,0
DA:56,0
DA:57,0
DA:60,0
DA:61,0
DA:64,0
DA:65,0
DA:66,0
DA:68,0
DA:69,0
DA:73,0
LF:25
LH:0
BRDA:14,0,0,0
BRDA:14,0,1,0
BRDA:17,1,0,0
BRDA:17,1,1,0
BRDA:17,2,0,0
BRDA:17,2,1,0
BRDA:26,3,0,0
BRDA:27,4,0,0
BRDA:27,4,1,0
BRDA:60,5,0,0
BRDA:64,6,0,0
BRDA:65,7,0,0
BRDA:65,7,1,0
BRF:13
BRH:0
end_of_record
TN:
SF:utils/chatbotService.js
FN:4,(anonymous_0)
FN:43,(anonymous_1)
FNF:2
FNH:0
FNDA:0,(anonymous_0)
FNDA:0,(anonymous_1)
DA:4,0
DA:5,0
DA:8,0
DA:10,0
DA:12,0
DA:13,0
DA:14,0
DA:15,0
DA:16,0
DA:17,0
DA:18,0
DA:19,0
DA:20,0
DA:21,0
DA:22,0
DA:23,0
DA:24,0
DA:25,0
DA:26,0
DA:27,0
DA:28,0
DA:29,0
DA:31,0
DA:34,0
DA:43,0
DA:44,0
DA:46,0
LF:27
LH:0
BRDA:4,0,0,0
BRDA:5,1,0,0
BRDA:5,1,1,0
BRDA:12,2,0,0
BRDA:12,2,1,0
BRDA:12,3,0,0
BRDA:12,3,1,0
BRDA:14,4,0,0
BRDA:14,4,1,0
BRDA:14,5,0,0
BRDA:14,5,1,0
BRDA:16,6,0,0
BRDA:16,6,1,0
BRDA:16,7,0,0
BRDA:16,7,1,0
BRDA:18,8,0,0
BRDA:18,8,1,0
BRDA:20,9,0,0
BRDA:20,9,1,0
BRDA:22,10,0,0
BRDA:22,10,1,0
BRDA:24,11,0,0
BRDA:24,11,1,0
BRDA:26,12,0,0
BRDA:26,12,1,0
BRDA:26,13,0,0
BRDA:26,13,1,0
BRDA:28,14,0,0
BRDA:28,14,1,0
BRDA:28,15,0,0
BRDA:28,15,1,0
BRDA:43,16,0,0
BRF:32
BRH:0
end_of_record
TN:
SF:utils/chatbotTestCases.js
FN:77,(anonymous_0)
FN:82,(anonymous_1)
FN:112,(anonymous_2)
FN:122,(anonymous_3)
FN:123,(anonymous_4)
FN:124,(anonymous_5)
FN:129,(anonymous_6)
FN:136,(anonymous_7)
FN:148,(anonymous_8)
FNF:9
FNH:0
FNDA:0,(anonymous_0)
FNDA:0,(anonymous_1)
FNDA:0,(anonymous_2)
FNDA:0,(anonymous_3)
FNDA:0,(anonymous_4)
FNDA:0,(anonymous_5)
FNDA:0,(anonymous_6)
FNDA:0,(anonymous_7)
FNDA:0,(anonymous_8)
DA:4,0
DA:77,0
DA:78,0
DA:79,0
DA:81,0
DA:82,0
DA:83,0
DA:86,0
DA:88,0
DA:100,0
DA:112,0
DA:113,0
DA:115,0
DA:116,0
DA:117,0
DA:120,0
DA:122,0
DA:123,0
DA:124,0
DA:129,0
DA:130,0
DA:131,0
DA:133,0
DA:136,0
DA:137,0
DA:138,0
DA:142,0
DA:148,0
DA:149,0
DA:151,0
DA:153,0
LF:31
LH:0
BRDA:130,0,0,0
BRDA:130,0,1,0
BRDA:137,1,0,0
BRDA:137,1,1,0
BRF:4
BRH:0
end_of_record
TN:
SF:utils/csvParser.js
FN:4,parseProductsCSV
FN:5,(anonymous_1)
FN:9,(anonymous_2)
FN:10,(anonymous_3)
FN:17,(anonymous_4)
FNF:5
FNH:0
FNDA:0,parseProductsCSV
FNDA:0,(anonymous_1)
FNDA:0,(anonymous_2)
FNDA:0,(anonymous_3)
FNDA:0,(anonymous_4)
DA:1,0
DA:2,0
DA:5,0
DA:6,0
DA:7,0
DA:9,0
DA:11,0
DA:18,0
DA:23,0
LF:9
LH:0
BRF:0
BRH:0
end_of_record
TN:
SF:utils/db.js
FNF:0
FNH:0
LF:0
LH:0
BRF:0
BRH:0
end_of_record
TN:
SF:utils/email.js
FN:4,(anonymous_0)
FN:20,(anonymous_1)
FN:35,(anonymous_2)
FN:103,(anonymous_3)
FN:167,(anonymous_4)
FN:204,(anonymous_5)
FNF:6
FNH:0
FNDA:0,(anonymous_0)
FNDA:0,(anonymous_1)
FNDA:0,(anonymous_2)
FNDA:0,(anonymous_3)
FNDA:0,(anonymous_4)
FNDA:0,(anonymous_5)
DA:1,0
DA:4,0
DA:7,0
DA:8,0
DA:19,0
DA:21,0
DA:22,0
DA:23,0
DA:24,0
DA:25,0
DA:26,0
DA:32,0
DA:35,0
DA:36,0
DA:37,0
DA:39,0
DA:93,0
DA:94,0
DA:95,0
DA:97,0
DA:98,0
DA:103,0
DA:104,0
DA:105,0
DA:107,0
DA:157,0
DA:158,0
DA:159,0
DA:161,0
DA:162,0
DA:167,0
DA:168,0
DA:169,0
DA:170,0
DA:172,0
DA:204,0
DA:229,0
DA:230,0
DA:231,0
DA:233,0
DA:234,0
DA:238,0
LF:42
LH:0
BRDA:7,0,0,0
BRDA:7,0,1,0
BRDA:10,1,0,0
BRDA:10,1,1,0
BRDA:40,2,0,0
BRDA:40,2,1,0
BRDA:77,3,0,0
BRDA:77,3,1,0
BRDA:105,4,0,0
BRDA:105,4,1,0
BRDA:108,5,0,0
BRDA:108,5,1,0
BRDA:173,6,0,0
BRDA:173,6,1,0
BRF:14
BRH:0
end_of_record
TN:
SF:utils/invoiceUtils.js
FN:13,getInvoiceDueAmount
FN:53,validateApiKey
FNF:2
FNH:1
FNDA:0,getInvoiceDueAmount
FNDA:6,validateApiKey
DA:1,1
DA:3,1
DA:14,0
DA:15,0
DA:27,0
DA:29,0
DA:30,0
DA:33,0
DA:34,0
DA:43,0
DA:44,0
DA:56,6
DA:59,1
LF:13
LH:4
BRDA:4,0,0,1
BRDA:4,0,1,1
BRDA:5,1,0,0
BRDA:5,1,1,1
BRDA:29,2,0,0
BRDA:29,2,1,0
BRDA:36,3,0,0
BRDA:36,3,1,0
BRDA:38,4,0,0
BRDA:38,4,1,0
BRDA:56,5,0,6
BRDA:56,5,1,6
BRF:12
BRH:5
end_of_record
TN:
SF:utils/monitoring.js
FN:26,(anonymous_0)
FN:33,(anonymous_1)
FN:52,(anonymous_2)
FN:63,(anonymous_3)
FN:74,(anonymous_4)
FN:107,(anonymous_5)
FN:118,(anonymous_6)
FN:139,(anonymous_7)
FN:152,logError
FN:165,logApiError
FN:177,logUserAction
FN:194,logPerformance
FN:211,logBusinessEvent
FN:223,logSecurityEvent
FN:235,logHealthCheck
FN:252,(anonymous_15)
FN:263,(anonymous_16)
FN:270,(anonymous_17)
FN:277,reportError
FN:295,initializeMonitoring
FN:299,(anonymous_20)
FN:310,(anonymous_21)
FN:320,(anonymous_22)
FN:321,(anonymous_23)
FNF:24
FNH:0
FNDA:0,(anonymous_0)
FNDA:0,(anonymous_1)
FNDA:0,(anonymous_2)
FNDA:0,(anonymous_3)
FNDA:0,(anonymous_4)
FNDA:0,(anonymous_5)
FNDA:0,(anonymous_6)
FNDA:0,(anonymous_7)
FNDA:0,logError
FNDA:0,logApiError
FNDA:0,logUserAction
FNDA:0,logPerformance
FNDA:0,logBusinessEvent
FNDA:0,logSecurityEvent
FNDA:0,logHealthCheck
FNDA:0,(anonymous_15)
FNDA:0,(anonymous_16)
FNDA:0,(anonymous_17)
FNDA:0,reportError
FNDA:0,initializeMonitoring
FNDA:0,(anonymous_20)
FNDA:0,(anonymous_21)
FNDA:0,(anonymous_22)
FNDA:0,(anonymous_23)
DA:5,0
DA:13,0
DA:27,0
DA:28,0
DA:29,0
DA:34,0
DA:35,0
DA:48,0
DA:53,0
DA:55,0
DA:56,0
DA:59,0
DA:64,0
DA:66,0
DA:67,0
DA:70,0
DA:75,0
DA:85,0
DA:86,0
DA:89,0
DA:92,0
DA:93,0
DA:108,0
DA:110,0
DA:112,0
DA:113,0
DA:119,0
DA:121,0
DA:124,0
DA:125,0
DA:133,0
DA:149,0
DA:153,0
DA:161,0
DA:166,0
DA:173,0
DA:178,0
DA:185,0
DA:188,0
DA:189,0
DA:195,0
DA:202,0
DA:205,0
DA:206,0
DA:212,0
DA:219,0
DA:224,0
DA:231,0
DA:236,0
DA:243,0
DA:244,0
DA:246,0
DA:253,0
DA:254,0
DA:255,0
DA:256,0
DA:257,0
DA:258,0
DA:264,0
DA:265,0
DA:271,0
DA:272,0
DA:278,0
DA:279,0
DA:286,0
DA:296,0
DA:299,0
DA:300,0
DA:310,0
DA:311,0
DA:318,0
DA:319,0
DA:320,0
DA:321,0
DA:322,0
DA:323,0
DA:327,0
DA:329,0
DA:333,0
LF:79
LH:0
BRDA:29,0,0,0
BRDA:29,0,1,0
BRDA:33,1,0,0
BRDA:41,2,0,0
BRDA:41,2,1,0
BRDA:42,3,0,0
BRDA:42,3,1,0
BRDA:52,4,0,0
BRDA:55,5,0,0
BRDA:55,5,1,0
BRDA:63,6,0,0
BRDA:66,7,0,0
BRDA:66,7,1,0
BRDA:74,8,0,0
BRDA:74,9,0,0
BRDA:77,10,0,0
BRDA:77,10,1,0
BRDA:85,11,0,0
BRDA:85,11,1,0
BRDA:92,12,0,0
BRDA:92,12,1,0
BRDA:98,13,0,0
BRDA:98,13,1,0
BRDA:107,14,0,0
BRDA:108,15,0,0
BRDA:108,15,1,0
BRDA:112,16,0,0
BRDA:112,16,1,0
BRDA:119,17,0,0
BRDA:119,17,1,0
BRDA:124,18,0,0
BRDA:124,18,1,0
BRDA:124,19,0,0
BRDA:124,19,1,0
BRDA:152,20,0,0
BRDA:152,21,0,0
BRDA:165,22,0,0
BRDA:177,23,0,0
BRDA:188,24,0,0
BRDA:188,24,1,0
BRDA:194,25,0,0
BRDA:205,26,0,0
BRDA:205,26,1,0
BRDA:211,27,0,0
BRDA:223,28,0,0
BRDA:235,29,0,0
BRDA:243,30,0,0
BRDA:243,30,1,0
BRDA:252,31,0,0
BRDA:252,32,0,0
BRDA:252,33,0,0
BRDA:263,34,0,0
BRDA:263,35,0,0
BRDA:270,36,0,0
BRDA:270,37,0,0
BRDA:277,38,0,0
BRDA:278,39,0,0
BRDA:278,39,1,0
BRDA:296,40,0,0
BRDA:296,40,1,0
BRDA:318,41,0,0
BRDA:318,41,1,0
BRDA:322,42,0,0
BRDA:322,42,1,0
BRF:64
BRH:0
end_of_record
TN:
SF:utils/outreachEngine.js
FN:4,(anonymous_0)
FN:19,(anonymous_1)
FN:36,(anonymous_2)
FN:49,(anonymous_3)
FN:58,(anonymous_4)
FN:90,(anonymous_5)
FN:96,(anonymous_6)
FN:106,(anonymous_7)
FN:138,(anonymous_8)
FN:152,(anonymous_9)
FN:165,(anonymous_10)
FN:178,(anonymous_11)
FN:191,(anonymous_12)
FN:205,(anonymous_13)
FN:219,(anonymous_14)
FN:225,(anonymous_15)
FNF:16
FNH:0
FNDA:0,(anonymous_0)
FNDA:0,(anonymous_1)
FNDA:0,(anonymous_2)
FNDA:0,(anonymous_3)
FNDA:0,(anonymous_4)
FNDA:0,(anonymous_5)
FNDA:0,(anonymous_6)
FNDA:0,(anonymous_7)
FNDA:0,(anonymous_8)
FNDA:0,(anonymous_9)
FNDA:0,(anonymous_10)
FNDA:0,(anonymous_11)
FNDA:0,(anonymous_12)
FNDA:0,(anonymous_13)
FNDA:0,(anonymous_14)
FNDA:0,(anonymous_15)
DA:4,0
DA:5,0
DA:7,0
DA:19,0
DA:20,0
DA:22,0
DA:36,0
DA:37,0
DA:39,0
DA:49,0
DA:50,0
DA:52,0
DA:58,0
DA:59,0
DA:61,0
DA:90,0
DA:91,0
DA:93,0
DA:96,0
DA:106,0
DA:107,0
DA:109,0
DA:138,0
DA:139,0
DA:141,0
DA:152,0
DA:153,0
DA:155,0
DA:165,0
DA:166,0
DA:168,0
DA:178,0
DA:179,0
DA:181,0
DA:191,0
DA:192,0
DA:194,0
DA:205,0
DA:206,0
DA:208,0
DA:219,0
DA:220,0
DA:222,0
DA:225,0
LF:44
LH:0
BRDA:58,0,0,0
BRDA:106,1,0,0
BRF:2
BRH:0
end_of_record
TN:
SF:utils/recommendationEngine.js
FN:4,(anonymous_0)
FN:16,(anonymous_1)
FN:29,(anonymous_2)
FN:85,(anonymous_3)
FN:112,(anonymous_4)
FN:143,(anonymous_5)
FNF:6
FNH:0
FNDA:0,(anonymous_0)
FNDA:0,(anonymous_1)
FNDA:0,(anonymous_2)
FNDA:0,(anonymous_3)
FNDA:0,(anonymous_4)
FNDA:0,(anonymous_5)
DA:4,0
DA:5,0
DA:7,0
DA:16,0
DA:17,0
DA:19,0
DA:29,0
DA:30,0
DA:31,0
DA:34,0
DA:37,0
DA:67,0
DA:74,0
DA:75,0
DA:85,0
DA:86,0
DA:88,0
DA:112,0
DA:113,0
DA:116,0
DA:140,0
DA:143,0
DA:144,0
DA:146,0
LF:24
LH:0
BRDA:4,0,0,0
BRDA:5,1,0,0
BRDA:5,1,1,0
BRDA:16,2,0,0
BRDA:16,3,0,0
BRDA:17,4,0,0
BRDA:17,4,1,0
BRDA:29,5,0,0
BRDA:34,6,0,0
BRDA:34,6,1,0
BRDA:85,7,0,0
BRDA:112,8,0,0
BRDA:143,9,0,0
BRDA:143,10,0,0
BRDA:144,11,0,0
BRDA:144,11,1,0
BRF:16
BRH:0
end_of_record
TN:
SF:utils/related-products.js
FN:20,getRelatedProducts
FNF:1
FNH:0
FNDA:0,getRelatedProducts
DA:6,0
DA:9,0
DA:21,0
DA:23,0
DA:28,0
DA:30,0
DA:31,0
DA:34,0
DA:37,0
DA:54,0
DA:56,0
DA:58,0
DA:59,0
DA:63,0
LF:14
LH:0
BRDA:10,0,0,0
BRDA:10,0,1,0
BRDA:11,1,0,0
BRDA:11,1,1,0
BRDA:20,2,0,0
BRDA:30,3,0,0
BRDA:30,3,1,0
BRF:7
BRH:0
end_of_record
TN:
SF:utils/searchAnalytics.js
FN:4,(anonymous_0)
FN:18,(anonymous_1)
FN:32,(anonymous_2)
FN:46,(anonymous_3)
FN:72,(anonymous_4)
FN:89,(anonymous_5)
FN:117,(anonymous_6)
FN:131,(anonymous_7)
FNF:8
FNH:0
FNDA:0,(anonymous_0)
FNDA:0,(anonymous_1)
FNDA:0,(anonymous_2)
FNDA:0,(anonymous_3)
FNDA:0,(anonymous_4)
FNDA:0,(anonymous_5)
FNDA:0,(anonymous_6)
FNDA:0,(anonymous_7)
DA:4,0
DA:5,0
DA:7,0
DA:18,0
DA:19,0
DA:21,0
DA:32,0
DA:33,0
DA:35,0
DA:46,0
DA:47,0
DA:49,0
DA:72,0
DA:73,0
DA:75,0
DA:89,0
DA:90,0
DA:92,0
DA:117,0
DA:118,0
DA:120,0
DA:131,0
DA:132,0
DA:134,0
LF:24
LH:0
BRDA:4,0,0,0
BRDA:4,1,0,0
BRDA:4,2,0,0
BRDA:18,3,0,0
BRDA:32,4,0,0
BRDA:46,5,0,0
BRDA:72,6,0,0
BRDA:89,7,0,0
BRDA:89,8,0,0
BRDA:90,9,0,0
BRDA:90,9,1,0
BRF:11
BRH:0
end_of_record
TN:
SF:utils/security.js
FN:70,(anonymous_0)
FN:79,(anonymous_1)
FN:85,(anonymous_2)
FN:91,(anonymous_3)
FN:97,(anonymous_4)
FN:109,(anonymous_5)
FN:150,generateCSRFToken
FN:159,(anonymous_7)
FN:164,securityMiddleware
FN:166,(anonymous_9)
FN:190,(anonymous_10)
FN:230,(anonymous_11)
FN:242,(anonymous_12)
FN:258,(anonymous_13)
FN:264,(anonymous_14)
FN:281,(anonymous_15)
FN:297,initializeSecurity
FN:302,(anonymous_17)
FN:309,(anonymous_18)
FN:323,(anonymous_19)
FNF:20
FNH:0
FNDA:0,(anonymous_0)
FNDA:0,(anonymous_1)
FNDA:0,(anonymous_2)
FNDA:0,(anonymous_3)
FNDA:0,(anonymous_4)
FNDA:0,(anonymous_5)
FNDA:0,generateCSRFToken
FNDA:0,(anonymous_7)
FNDA:0,securityMiddleware
FNDA:0,(anonymous_9)
FNDA:0,(anonymous_10)
FNDA:0,(anonymous_11)
FNDA:0,(anonymous_12)
FNDA:0,(anonymous_13)
FNDA:0,(anonymous_14)
FNDA:0,(anonymous_15)
FNDA:0,initializeSecurity
FNDA:0,(anonymous_17)
FNDA:0,(anonymous_18)
FNDA:0,(anonymous_19)
DA:5,0
DA:53,0
DA:61,0
DA:72,0
DA:77,0
DA:80,0
DA:81,0
DA:86,0
DA:87,0
DA:92,0
DA:93,0
DA:98,0
DA:100,0
DA:110,0
DA:111,0
DA:114,0
DA:115,0
DA:117,0
DA:121,0
DA:122,0
DA:124,0
DA:128,0
DA:129,0
DA:130,0
DA:131,0
DA:135,0
DA:136,0
DA:138,0
DA:141,0
DA:151,0
DA:153,0
DA:154,0
DA:157,0
DA:158,0
DA:159,0
DA:166,0
DA:167,0
DA:171,0
DA:172,0
DA:176,0
DA:184,0
DA:188,0
DA:191,0
DA:193,0
DA:194,0
DA:195,0
DA:199,0
DA:200,0
DA:201,0
DA:205,0
DA:206,0
DA:207,0
DA:211,0
DA:219,0
DA:220,0
DA:223,0
DA:231,0
DA:241,0
DA:242,0
DA:243,0
DA:244,0
DA:248,0
DA:256,0
DA:259,0
DA:260,0
DA:267,0
DA:268,0
DA:269,0
DA:270,0
DA:273,0
DA:282,0
DA:288,0
DA:289,0
DA:292,0
DA:298,0
DA:301,0
DA:302,0
DA:303,0
DA:308,0
DA:309,0
DA:310,0
DA:314,0
DA:320,0
DA:321,0
DA:323,0
DA:325,0
DA:326,0
DA:327,0
DA:328,0
DA:336,0
LF:90
LH:0
BRDA:98,0,0,0
BRDA:98,0,1,0
BRDA:114,1,0,0
BRDA:114,1,1,0
BRDA:114,2,0,0
BRDA:114,2,1,0
BRDA:121,3,0,0
BRDA:121,3,1,0
BRDA:121,4,0,0
BRDA:121,4,1,0
BRDA:128,5,0,0
BRDA:128,5,1,0
BRDA:128,6,0,0
BRDA:128,6,1,0
BRDA:130,7,0,0
BRDA:130,7,1,0
BRDA:135,8,0,0
BRDA:135,8,1,0
BRDA:135,9,0,0
BRDA:135,9,1,0
BRDA:151,10,0,0
BRDA:151,10,1,0
BRDA:171,11,0,0
BRDA:171,11,1,0
BRDA:171,12,0,0
BRDA:171,12,1,0
BRDA:180,13,0,0
BRDA:180,13,1,0
BRDA:190,14,0,0
BRDA:193,15,0,0
BRDA:193,15,1,0
BRDA:200,16,0,0
BRDA:200,16,1,0
BRDA:206,17,0,0
BRDA:206,17,1,0
BRDA:219,18,0,0
BRDA:219,18,1,0
BRDA:219,19,0,0
BRDA:219,19,1,0
BRDA:243,20,0,0
BRDA:243,20,1,0
BRDA:260,21,0,0
BRDA:260,21,1,0
BRDA:288,22,0,0
BRDA:288,22,1,0
BRDA:298,23,0,0
BRDA:298,23,1,0
BRDA:301,24,0,0
BRDA:301,24,1,0
BRDA:301,25,0,0
BRDA:301,25,1,0
BRDA:308,26,0,0
BRDA:308,26,1,0
BRDA:308,27,0,0
BRDA:308,27,1,0
BRDA:310,28,0,0
BRDA:310,28,1,0
BRDA:310,29,0,0
BRDA:310,29,1,0
BRDA:310,29,2,0
BRDA:310,29,3,0
BRDA:310,29,4,0
BRDA:310,29,5,0
BRDA:310,29,6,0
BRDA:310,29,7,0
BRDA:310,29,8,0
BRDA:325,30,0,0
BRDA:325,30,1,0
BRDA:327,31,0,0
BRDA:327,31,1,0
BRF:70
BRH:0
end_of_record
TN:
SF:utils/sitemap.js
FN:83,generateSitemap
FN:87,(anonymous_1)
FN:92,(anonymous_2)
FN:102,(anonymous_3)
FN:122,(anonymous_4)
FN:142,createUrlEntry
FN:152,generateRobotsTxt
FN:202,generateManifest
FN:295,writeSitemap
FN:325,getLastModified
FNF:10
FNH:0
FNDA:0,generateSitemap
FNDA:0,(anonymous_1)
FNDA:0,(anonymous_2)
FNDA:0,(anonymous_3)
FNDA:0,(anonymous_4)
FNDA:0,createUrlEntry
FNDA:0,generateRobotsTxt
FNDA:0,generateManifest
FNDA:0,writeSitemap
FNDA:0,getLastModified
DA:5,0
DA:8,0
DA:66,0
DA:84,0
DA:87,0
DA:88,0
DA:92,0
DA:93,0
DA:102,0
DA:103,0
DA:104,0
DA:114,0
DA:122,0
DA:123,0
DA:131,0
DA:138,0
DA:143,0
DA:153,0
DA:203,0
DA:296,0
DA:297,0
DA:298,0
DA:301,0
DA:302,0
DA:306,0
DA:309,0
DA:310,0
DA:313,0
DA:314,0
DA:316,0
DA:317,0
DA:319,0
DA:320,0
DA:326,0
DA:327,0
DA:328,0
DA:330,0
LF:37
LH:0
BRDA:83,0,0,0
BRDA:103,1,0,0
BRDA:103,1,1,0
BRDA:106,2,0,0
BRDA:106,2,1,0
BRDA:295,3,0,0
BRDA:301,4,0,0
BRDA:301,4,1,0
BRF:8
BRH:0
end_of_record
TN:
SF:utils/uae-vat-calculator.js
FN:27,calculateUAEVAT
FN:35,(anonymous_1)
FN:63,(anonymous_2)
FN:128,getTaxCodeForProduct
FN:155,formatAEDCurrency
FN:169,validateUAEVATCalculation
FN:220,createVATReceipt
FNF:7
FNH:0
FNDA:0,calculateUAEVAT
FNDA:0,(anonymous_1)
FNDA:0,(anonymous_2)
FNDA:0,getTaxCodeForProduct
FNDA:0,formatAEDCurrency
FNDA:0,validateUAEVATCalculation
FNDA:0,createVATReceipt
DA:5,0
DA:28,0
DA:30,0
DA:31,0
DA:35,0
DA:36,0
DA:37,0
DA:38,0
DA:42,0
DA:45,0
DA:48,0
DA:51,0
DA:64,0
DA:65,0
DA:66,0
DA:67,0
DA:69,0
DA:101,0
DA:104,0
DA:107,0
DA:129,0
DA:130,0
DA:133,0
DA:137,0
DA:141,0
DA:143,0
DA:147,0
DA:156,0
DA:170,0
DA:177,0
DA:178,0
DA:179,0
DA:183,0
DA:184,0
DA:185,0
DA:189,0
DA:190,0
DA:191,0
DA:192,0
DA:196,0
DA:197,0
DA:198,0
DA:199,0
DA:203,0
DA:204,0
DA:207,0
DA:208,0
DA:211,0
DA:221,0
LF:49
LH:0
BRDA:27,0,0,0
BRDA:27,1,0,0
BRDA:27,2,0,0
BRDA:30,3,0,0
BRDA:30,3,1,0
BRDA:30,4,0,0
BRDA:30,4,1,0
BRDA:36,5,0,0
BRDA:36,5,1,0
BRDA:37,6,0,0
BRDA:37,6,1,0
BRDA:42,7,0,0
BRDA:42,7,1,0
BRDA:53,8,0,0
BRDA:53,8,1,0
BRDA:64,9,0,0
BRDA:64,9,1,0
BRDA:65,10,0,0
BRDA:65,10,1,0
BRDA:70,11,0,0
BRDA:70,11,1,0
BRDA:94,12,0,0
BRDA:94,12,1,0
BRDA:95,13,0,0
BRDA:95,13,1,0
BRDA:97,14,0,0
BRDA:97,14,1,0
BRDA:128,15,0,0
BRDA:128,16,0,0
BRDA:133,17,0,0
BRDA:133,17,1,0
BRDA:133,18,0,0
BRDA:133,18,1,0
BRDA:133,18,2,0
BRDA:133,18,3,0
BRDA:133,18,4,0
BRDA:133,18,5,0
BRDA:133,18,6,0
BRDA:133,18,7,0
BRDA:141,19,0,0
BRDA:141,19,1,0
BRDA:141,20,0,0
BRDA:141,20,1,0
BRDA:141,20,2,0
BRDA:141,20,3,0
BRDA:177,21,0,0
BRDA:177,21,1,0
BRDA:183,22,0,0
BRDA:183,22,1,0
BRDA:190,23,0,0
BRDA:190,23,1,0
BRDA:197,24,0,0
BRDA:197,24,1,0
BRDA:203,25,0,0
BRDA:203,25,1,0
BRDA:207,26,0,0
BRDA:207,26,1,0
BRDA:220,27,0,0
BRF:58
BRH:0
end_of_record
TN:
SF:utils/useIntersectionObserver.js
FN:11,(anonymous_0)
FN:22,(anonymous_1)
FN:33,(anonymous_2)
FN:50,(anonymous_3)
FNF:4
FNH:0
FNDA:0,(anonymous_0)
FNDA:0,(anonymous_1)
FNDA:0,(anonymous_2)
FNDA:0,(anonymous_3)
DA:11,0
DA:16,0
DA:18,0
DA:19,0
DA:20,0
DA:22,0
DA:23,0
DA:24,0
DA:27,0
DA:28,0
DA:29,0
DA:32,0
DA:34,0
DA:35,0
DA:38,0
DA:39,0
DA:48,0
DA:50,0
DA:51,0
DA:55,0
LF:20
LH:0
BRDA:11,0,0,0
BRDA:13,1,0,0
BRDA:14,2,0,0
BRDA:15,3,0,0
BRDA:24,4,0,0
BRDA:24,4,1,0
BRDA:27,5,0,0
BRDA:27,5,1,0
BRDA:38,6,0,0
BRDA:38,6,1,0
BRDA:38,7,0,0
BRDA:38,7,1,0
BRF:12
BRH:0
end_of_record
TN:
SF:utils/useMediaQuery.js
FN:4,(anonymous_0)
FN:7,(anonymous_1)
FN:19,(anonymous_2)
FN:32,(anonymous_3)
FN:46,(anonymous_4)
FN:47,(anonymous_5)
FN:48,(anonymous_6)
FN:49,(anonymous_7)
FNF:8
FNH:3
FNDA:15,(anonymous_0)
FNDA:5,(anonymous_1)
FNDA:0,(anonymous_2)
FNDA:5,(anonymous_3)
FNDA:0,(anonymous_4)
FNDA:0,(anonymous_5)
FNDA:0,(anonymous_6)
FNDA:0,(anonymous_7)
DA:4,2
DA:5,15
DA:7,15
DA:9,5
DA:10,0
DA:13,5
DA:16,5
DA:19,5
DA:20,0
DA:24,5
DA:25,5
DA:28,0
DA:32,5
DA:33,5
DA:34,5
DA:37,0
DA:42,15
DA:46,2
DA:47,2
DA:48,2
DA:49,2
LF:21
LH:17
BRDA:9,0,0,0
BRDA:9,0,1,5
BRDA:24,1,0,5
BRDA:24,1,1,0
BRDA:33,2,0,5
BRDA:33,2,1,0
BRF:6
BRH:3
end_of_record
